[INFO] logger started at Tue May 29 21:30:49 IST 2012
[INFO] executable name: C:\Users\psrikalyani.ICRISAT\Documents\flapjack_windows_x86_1_12_05_25.exe
[INFO] install4j version: 5.0.11 (build 5442)
[INFO] Properties: 
-- listing properties --
java.runtime.name=Java(TM) SE Runtime Environment
exe4j.moduleName=C:\Users\psrikalyani.ICRISAT\Document...
sun.boot.library.path=c:\users\psrika~1.icr\appdata\local\t...
exe4j.semaphoreName=Local\c:_users_psrikalyani.icrisat_do...
java.vm.version=23.0-b21
java.vm.vendor=Oracle Corporation
java.vendor.url=http://java.oracle.com/
path.separator=;
exe4j.consoleCodepage=cp0
java.vm.name=Java HotSpot(TM) Client VM
file.encoding.pkg=sun.io
user.script=
user.country=US
sun.os.patch.level=Service Pack 1
install4j.exeDir=C:\Users\psrikalyani.ICRISAT\Documents\
java.vm.specification.name=Java Virtual Machine Specification
user.dir=C:\Users\PSRIKA~1.ICR\AppData\Local\T...
java.runtime.version=1.7.0_04-b20
java.awt.graphicsenv=sun.awt.Win32GraphicsEnvironment
java.endorsed.dirs=c:\users\psrika~1.icr\appdata\local\t...
os.arch=x86
java.io.tmpdir=C:\Users\PSRIKA~1.ICR\AppData\Local\T...
line.separator=

java.vm.specification.vendor=Oracle Corporation
user.variant=
exe4j.tempDir=C:\Users\PSRIKA~1.ICR\AppData\Local\T...
os.name=Windows 7
sun.java2d.noddraw=true
sun.jnu.encoding=Cp1252
java.library.path=C:\Program Files (x86)\Flapjack\.inst...
sun.awt.enableExtraMouseButtons=true
java.specification.name=Java Platform API Specification
java.class.version=51.0
sun.management.compiler=HotSpot Client Compiler
exe4j.isInstall4j=true
os.version=6.1
user.home=C:\Users\psrikalyani.ICRISAT
user.timezone=Asia/Calcutta
java.awt.printerjob=sun.awt.windows.WPrinterJob
java.specification.version=1.7
file.encoding=Cp1252
user.name=psrikalyani
java.class.path=C:\Users\PSRIKA~1.ICR\AppData\Local\T...
java.vm.specification.version=1.7
sun.arch.data.model=32
java.home=c:\users\psrika~1.icr\appdata\local\t...
sun.java.command=C:\Users\psrikalyani.ICRISAT\Document...
exe4j.launchName=C:\Users\PSRIKA~1.ICR\DOCUME~1\FLAPJA...
java.specification.vendor=Oracle Corporation
user.language=en
awt.toolkit=sun.awt.windows.WToolkit
java.vm.info=mixed mode
exe4j.unextractedPosition=19000462
java.version=1.7.0_04
java.ext.dirs=c:\users\psrika~1.icr\appdata\local\t...
sun.boot.class.path=c:\users\psrika~1.icr\appdata\local\t...
java.vendor=Oracle Corporation
install4j.appDir=C:\Users\psrikalyani.ICRISAT\AppData\...
file.separator=\
java.vendor.url.bug=http://bugreport.sun.com/bugreport/
sun.cpu.endian=little
sun.io.unicode.encoding=UnicodeLittle
sun.desktop=windows
sun.locale.formatasdefault=true
sun.cpu.isalist=pentium_pro+mmx pentium_pro pentium+m...
[INFO] System language 'en'
[INFO] com.install4j.runtime.beans.actions.misc.RequestPrivilegesAction [ID 1140]: Execute action
       Property rollbackSupported: false
       Property elevatedProcessTypeMac: Helper process
       Property elevatedProcessTypeWin: Main installation process
       Property failIfNotObtainedMac: true
       Property failIfNotObtainedWin: true
       Property allRequested: false
       Property failIfNotRootUnix: false
       Property obtainIfAdminMac: false
       Property obtainIfAdminWin: true
       Property obtainIfNormalMac: false
       Property obtainIfNormalWin: false
       Execute action successful
[INFO] com.install4j.runtime.beans.screens.StartupScreen [ID 15]: command: move 1 screens, executing actions, checking condition
[INFO] com.install4j.runtime.beans.screens.WelcomeScreen [ID 1]: Show screen
[INFO] Variable changed: sys.confirmedUpdateInstallation=true[class java.lang.Boolean]
[INFO] com.install4j.runtime.beans.actions.misc.LoadResponseFileAction [ID 1141]: Execute action
       Property file: null
       Property excludedVariables: null
       Property rollbackSupported: true
       Variable changed: executeLauncherAction=true[class java.lang.Boolean]
       Variable changed: sys.installationDir=C:\Program Files (x86)\Flapjack[class java.lang.String]
       Variable changed: sys.programGroupName=Flapjack[class java.lang.String]
       Variable changed: sys.programGroupAllUsers=true[class java.lang.Boolean]
       Variable changed: sys.languageId=en[class java.lang.String]
       Variable changed: sys.programGroupDisabled=false[class java.lang.Boolean]
       Execute action successful
[INFO] com.install4j.runtime.beans.screens.WelcomeScreen [ID 1]: command: move 1 screens, executing actions, checking condition
[INFO] com.install4j.runtime.beans.screens.LicenseScreen [ID 649]: Show screen
[INFO] com.install4j.runtime.beans.screens.LicenseScreen [ID 649]: command: move 1 screens, executing actions, checking condition
[INFO] com.install4j.runtime.beans.screens.InstallationScreen [ID 5]: Show screen
[INFO] com.install4j.runtime.beans.actions.UninstallPreviousAction [ID 417]: Execute action
       Property installationDirectory: null
       Property executionType: Run with the same account as the installer process
       Property onlyIfSameApplicationId: true
       Property rollbackSupported: true
       checking running processes
       checking running processes ok
       getting previous installation id
       starting uninstaller
[INFO] com.install4j.runtime.beans.actions.UninstallPreviousAction$UninstallerThread: native uninstaller process returned 0
       see uninstallPrevious.log for the log file of the uninstaller
[INFO] com.install4j.runtime.beans.actions.UninstallPreviousAction [ID 417]: finished
       Execute action successful
[INFO] com.install4j.runtime.beans.actions.InstallFilesAction [ID 6]: Execute action
       Property checkFreeSpace: true
       Property installRuntime: true
       Property updateBundledJre: true
       Property validateApplicationId: false
       Property sizeCalculatorScript: null
       Property saveDownloadedFiles: false
       Property delay: false
       Property triggerReboot: true
       Property fileFilterScript: null
       Property showFileNames: true
       Property directoryResolverScript: null
       Property rollbackSupported: true
       Install file: C:\Program Files (x86)\Flapjack\jre\bin\awt.dll; size: 1168840 bytes; exists: false
       File options set to: [fileTime: Tue May 29 21:30:43 IST 2012, mode: 644, overwriteMode: Always ask except for update, shared: false, uninstallMode: If created, but not for update, delayIfNecessary: false]
       Install file: C:\Program Files (x86)\Flapjack\jre\bin\axbridge.dll; size: 133576 bytes; exists: false
       Install file: C:\Program Files (x86)\Flapjack\jre\bin\client\jvm.dll; size: 3355592 bytes; exists: false
       Install file: C:\Program Files (x86)\Flapjack\jre\bin\client\Xusage.txt; size: 1447 bytes; exists: false
       Install file: C:\Program Files (x86)\Flapjack\jre\bin\dcpr.dll; size: 141256 bytes; exists: false
       Install file: C:\Program Files (x86)\Flapjack\jre\bin\deploy.dll; size: 283592 bytes; exists: false
       Install file: C:\Program Files (x86)\Flapjack\jre\bin\dtplugin\deployJava1.dll; size: 687560 bytes; exists: false
       Install file: C:\Program Files (x86)\Flapjack\jre\bin\dtplugin\npdeployJava1.dll; size: 772552 bytes; exists: false
       Install file: C:\Program Files (x86)\Flapjack\jre\bin\dt_shmem.dll; size: 24520 bytes; exists: false
       Install file: C:\Program Files (x86)\Flapjack\jre\bin\dt_socket.dll; size: 20936 bytes; exists: false
       Install file: C:\Program Files (x86)\Flapjack\jre\bin\eula.dll; size: 107976 bytes; exists: false
       Install file: C:\Program Files (x86)\Flapjack\jre\bin\fontmanager.dll; size: 163784 bytes; exists: false
       Install file: C:\Program Files (x86)\Flapjack\jre\bin\hprof.dll; size: 131528 bytes; exists: false
       Install file: C:\Program Files (x86)\Flapjack\jre\bin\instrument.dll; size: 114120 bytes; exists: false
       Install file: C:\Program Files (x86)\Flapjack\jre\bin\j2pcsc.dll; size: 15304 bytes; exists: false
       Install file: C:\Program Files (x86)\Flapjack\jre\bin\j2pkcs11.dll; size: 49608 bytes; exists: false
       Install file: C:\Program Files (x86)\Flapjack\jre\bin\jaas_nt.dll; size: 18888 bytes; exists: false
       Install file: C:\Program Files (x86)\Flapjack\jre\bin\java-rmi.exe; size: 14792 bytes; exists: false
       Install file: C:\Program Files (x86)\Flapjack\jre\bin\java.dll; size: 119240 bytes; exists: false
       Install file: C:\Program Files (x86)\Flapjack\jre\bin\java.exe; size: 174024 bytes; exists: false
       Install file: C:\Program Files (x86)\Flapjack\jre\bin\java.hprof.txt; size: 34706 bytes; exists: false
       Install file: C:\Program Files (x86)\Flapjack\jre\bin\java.hprof.txt.TMP; size: 641782 bytes; exists: false
       Install file: C:\Program Files (x86)\Flapjack\jre\bin\java.hprof.txt.TMP.4712.txt; size: 810271 bytes; exists: false
       Install file: C:\Program Files (x86)\Flapjack\jre\bin\javacpl.exe; size: 64968 bytes; exists: false
       Install file: C:\Program Files (x86)\Flapjack\jre\bin\javaw.exe; size: 174024 bytes; exists: false
       Install file: C:\Program Files (x86)\Flapjack\jre\bin\java_crw_demo.dll; size: 22472 bytes; exists: false
       Install file: C:\Program Files (x86)\Flapjack\jre\bin\jawt.dll; size: 13256 bytes; exists: false
       Install file: C:\Program Files (x86)\Flapjack\jre\bin\JdbcOdbc.dll; size: 45000 bytes; exists: false
       Install file: C:\Program Files (x86)\Flapjack\jre\bin\jdwp.dll; size: 163784 bytes; exists: false
       Install file: C:\Program Files (x86)\Flapjack\jre\bin\jfr.dll; size: 18888 bytes; exists: false
       Install file: C:\Program Files (x86)\Flapjack\jre\bin\jli.dll; size: 140744 bytes; exists: false
       Install file: C:\Program Files (x86)\Flapjack\jre\bin\jp2iexp.dll; size: 150472 bytes; exists: false
       Install file: C:\Program Files (x86)\Flapjack\jre\bin\jp2launcher.exe; size: 35272 bytes; exists: false
       Install file: C:\Program Files (x86)\Flapjack\jre\bin\jp2native.dll; size: 15816 bytes; exists: false
       Install file: C:\Program Files (x86)\Flapjack\jre\bin\jp2ssv.dll; size: 157640 bytes; exists: false
       Install file: C:\Program Files (x86)\Flapjack\jre\bin\jpeg.dll; size: 144328 bytes; exists: false
       Install file: C:\Program Files (x86)\Flapjack\jre\bin\jpicom.dll; size: 92616 bytes; exists: false
       Install file: C:\Program Files (x86)\Flapjack\jre\bin\jpiexp.dll; size: 141256 bytes; exists: false
       Install file: C:\Program Files (x86)\Flapjack\jre\bin\jpinscp.dll; size: 102856 bytes; exists: false
       Install file: C:\Program Files (x86)\Flapjack\jre\bin\jpioji.dll; size: 68040 bytes; exists: false
       Install file: C:\Program Files (x86)\Flapjack\jre\bin\jpishare.dll; size: 140232 bytes; exists: false
       Install file: C:\Program Files (x86)\Flapjack\jre\bin\jqs.exe; size: 161736 bytes; exists: false
       Install file: C:\Program Files (x86)\Flapjack\jre\bin\jsdt.dll; size: 15816 bytes; exists: false
       File options set to: [fileTime: Tue May 29 21:30:44 IST 2012, mode: 644, overwriteMode: Always ask except for update, shared: false, uninstallMode: If created, but not for update, delayIfNecessary: false]
       Install file: C:\Program Files (x86)\Flapjack\jre\bin\jsound.dll; size: 30152 bytes; exists: false
       Install file: C:\Program Files (x86)\Flapjack\jre\bin\jsoundds.dll; size: 26568 bytes; exists: false
       Install file: C:\Program Files (x86)\Flapjack\jre\bin\kcms.dll; size: 177096 bytes; exists: false
       Install file: C:\Program Files (x86)\Flapjack\jre\bin\keytool.exe; size: 14792 bytes; exists: false
       Install file: C:\Program Files (x86)\Flapjack\jre\bin\kinit.exe; size: 14792 bytes; exists: false
       Install file: C:\Program Files (x86)\Flapjack\jre\bin\klist.exe; size: 14792 bytes; exists: false
       Install file: C:\Program Files (x86)\Flapjack\jre\bin\ktab.exe; size: 14792 bytes; exists: false
       Install file: C:\Program Files (x86)\Flapjack\jre\bin\management.dll; size: 30664 bytes; exists: false
       Install file: C:\Program Files (x86)\Flapjack\jre\bin\mlib_image.dll; size: 572872 bytes; exists: false
       Install file: C:\Program Files (x86)\Flapjack\jre\bin\msvcr100.dll; size: 770384 bytes; exists: false
       Install file: C:\Program Files (x86)\Flapjack\jre\bin\net.dll; size: 74184 bytes; exists: false
       Install file: C:\Program Files (x86)\Flapjack\jre\bin\nio.dll; size: 49608 bytes; exists: false
       Install file: C:\Program Files (x86)\Flapjack\jre\bin\npjpi170_04.dll; size: 162248 bytes; exists: false
       Install file: C:\Program Files (x86)\Flapjack\jre\bin\npoji610.dll; size: 159688 bytes; exists: false
       Install file: C:\Program Files (x86)\Flapjack\jre\bin\npt.dll; size: 16840 bytes; exists: false
       Install file: C:\Program Files (x86)\Flapjack\jre\bin\orbd.exe; size: 14792 bytes; exists: false
       Install file: C:\Program Files (x86)\Flapjack\jre\bin\pack200.exe; size: 14792 bytes; exists: false
       Install file: C:\Program Files (x86)\Flapjack\jre\bin\plugin2\msvcr100.dll; size: 770384 bytes; exists: false
       Install file: C:\Program Files (x86)\Flapjack\jre\bin\plugin2\npjp2.dll; size: 110024 bytes; exists: false
       Install file: C:\Program Files (x86)\Flapjack\jre\bin\policytool.exe; size: 14792 bytes; exists: false
       Install file: C:\Program Files (x86)\Flapjack\jre\bin\rmi.dll; size: 12744 bytes; exists: false
       Install file: C:\Program Files (x86)\Flapjack\jre\bin\rmid.exe; size: 14792 bytes; exists: false
       Install file: C:\Program Files (x86)\Flapjack\jre\bin\rmiregistry.exe; size: 14792 bytes; exists: false
       Install file: C:\Program Files (x86)\Flapjack\jre\bin\servertool.exe; size: 14792 bytes; exists: false
       Install file: C:\Program Files (x86)\Flapjack\jre\bin\splashscreen.dll; size: 195528 bytes; exists: false
       Install file: C:\Program Files (x86)\Flapjack\jre\bin\ssv.dll; size: 453064 bytes; exists: false
       Install file: C:\Program Files (x86)\Flapjack\jre\bin\ssvagent.exe; size: 46536 bytes; exists: false
       Install file: C:\Program Files (x86)\Flapjack\jre\bin\sunec.dll; size: 122824 bytes; exists: false
       Install file: C:\Program Files (x86)\Flapjack\jre\bin\sunmscapi.dll; size: 24520 bytes; exists: false
       Install file: C:\Program Files (x86)\Flapjack\jre\bin\t2k.dll; size: 190920 bytes; exists: false
       Install file: C:\Program Files (x86)\Flapjack\jre\bin\tnameserv.exe; size: 14792 bytes; exists: false
       Install file: C:\Program Files (x86)\Flapjack\jre\bin\unpack.dll; size: 56776 bytes; exists: false
       Install file: C:\Program Files (x86)\Flapjack\jre\bin\unpack200.exe; size: 144840 bytes; exists: false
       Install file: C:\Program Files (x86)\Flapjack\jre\bin\verify.dll; size: 38856 bytes; exists: false
       Install file: C:\Program Files (x86)\Flapjack\jre\bin\w2k_lsa_auth.dll; size: 20424 bytes; exists: false
       Install file: C:\Program Files (x86)\Flapjack\jre\bin\wsdetect.dll; size: 137672 bytes; exists: false
       Install file: C:\Program Files (x86)\Flapjack\jre\bin\zip.dll; size: 65992 bytes; exists: false
       Install file: C:\Program Files (x86)\Flapjack\jre\COPYRIGHT; size: 3409 bytes; exists: false
       Install file: C:\Program Files (x86)\Flapjack\jre\lib\alt-rt.jar; size: 123547 bytes; exists: false
       Install file: C:\Program Files (x86)\Flapjack\jre\lib\calendars.properties; size: 1232 bytes; exists: false
       Install file: C:\Program Files (x86)\Flapjack\jre\lib\charsets.jar; size: 3509942 bytes; exists: false
       File options set to: [fileTime: Tue May 29 21:30:48 IST 2012, mode: 644, overwriteMode: Always ask except for update, shared: false, uninstallMode: If created, but not for update, delayIfNecessary: false]
       Install file: C:\Program Files (x86)\Flapjack\jre\lib\charsets.jar.pack; size: 1316176 bytes; exists: false
       File options set to: [fileTime: Tue May 29 21:30:44 IST 2012, mode: 644, overwriteMode: Always ask except for update, shared: false, uninstallMode: If created, but not for update, delayIfNecessary: false]
       Install file: C:\Program Files (x86)\Flapjack\jre\lib\classlist; size: 75075 bytes; exists: false
       Install file: C:\Program Files (x86)\Flapjack\jre\lib\cmm\CIEXYZ.pf; size: 51236 bytes; exists: false
       Install file: C:\Program Files (x86)\Flapjack\jre\lib\cmm\GRAY.pf; size: 632 bytes; exists: false
       Install file: C:\Program Files (x86)\Flapjack\jre\lib\cmm\LINEAR_RGB.pf; size: 1044 bytes; exists: false
       Install file: C:\Program Files (x86)\Flapjack\jre\lib\cmm\PYCC.pf; size: 274474 bytes; exists: false
       Install file: C:\Program Files (x86)\Flapjack\jre\lib\cmm\sRGB.pf; size: 3144 bytes; exists: false
       Install file: C:\Program Files (x86)\Flapjack\jre\lib\content-types.properties; size: 5483 bytes; exists: false
       Install file: C:\Program Files (x86)\Flapjack\jre\lib\currency.data; size: 4200 bytes; exists: false
       Install file: C:\Program Files (x86)\Flapjack\jre\lib\deploy\ffjcext.zip; size: 18505 bytes; exists: false
       Install file: C:\Program Files (x86)\Flapjack\jre\lib\deploy\jqs\jqs.conf; size: 40814 bytes; exists: false
       Install file: C:\Program Files (x86)\Flapjack\jre\lib\deploy\jqs\jqsmessages.properties; size: 1720 bytes; exists: false
       Install file: C:\Program Files (x86)\Flapjack\jre\lib\deploy\messages.properties; size: 2860 bytes; exists: false
       Install file: C:\Program Files (x86)\Flapjack\jre\lib\deploy\messages_de.properties; size: 3307 bytes; exists: false
       Install file: C:\Program Files (x86)\Flapjack\jre\lib\deploy\messages_es.properties; size: 3603 bytes; exists: false
       Install file: C:\Program Files (x86)\Flapjack\jre\lib\deploy\messages_fr.properties; size: 3409 bytes; exists: false
       Install file: C:\Program Files (x86)\Flapjack\jre\lib\deploy\messages_it.properties; size: 3223 bytes; exists: false
       Install file: C:\Program Files (x86)\Flapjack\jre\lib\deploy\messages_ja.properties; size: 6563 bytes; exists: false
       Install file: C:\Program Files (x86)\Flapjack\jre\lib\deploy\messages_ko.properties; size: 5718 bytes; exists: false
       Install file: C:\Program Files (x86)\Flapjack\jre\lib\deploy\messages_pt_BR.properties; size: 3346 bytes; exists: false
       Install file: C:\Program Files (x86)\Flapjack\jre\lib\deploy\messages_sv.properties; size: 3409 bytes; exists: false
       Install file: C:\Program Files (x86)\Flapjack\jre\lib\deploy\messages_zh_CN.properties; size: 4084 bytes; exists: false
       Install file: C:\Program Files (x86)\Flapjack\jre\lib\deploy\messages_zh_HK.properties; size: 3770 bytes; exists: false
       Install file: C:\Program Files (x86)\Flapjack\jre\lib\deploy\messages_zh_TW.properties; size: 3770 bytes; exists: false
       Install file: C:\Program Files (x86)\Flapjack\jre\lib\deploy\splash.gif; size: 13959 bytes; exists: false
       Install file: C:\Program Files (x86)\Flapjack\jre\lib\deploy.jar; size: 3836892 bytes; exists: false
       File options set to: [fileTime: Tue May 29 21:30:49 IST 2012, mode: 644, overwriteMode: Always ask except for update, shared: false, uninstallMode: If created, but not for update, delayIfNecessary: false]
       Install file: C:\Program Files (x86)\Flapjack\jre\lib\deploy.jar.pack; size: 1459704 bytes; exists: false
       File options set to: [fileTime: Tue May 29 21:30:44 IST 2012, mode: 644, overwriteMode: Always ask except for update, shared: false, uninstallMode: If created, but not for update, delayIfNecessary: false]
       Install file: C:\Program Files (x86)\Flapjack\jre\lib\ext\dnsns.jar; size: 8934 bytes; exists: false
       Install file: C:\Program Files (x86)\Flapjack\jre\lib\ext\localedata.jar; size: 1013521 bytes; exists: false
       File options set to: [fileTime: Tue May 29 21:30:49 IST 2012, mode: 644, overwriteMode: Always ask except for update, shared: false, uninstallMode: If created, but not for update, delayIfNecessary: false]
       Install file: C:\Program Files (x86)\Flapjack\jre\lib\ext\localedata.jar.pack; size: 753378 bytes; exists: false
       File options set to: [fileTime: Tue May 29 21:30:44 IST 2012, mode: 644, overwriteMode: Always ask except for update, shared: false, uninstallMode: If created, but not for update, delayIfNecessary: false]
       Install file: C:\Program Files (x86)\Flapjack\jre\lib\ext\meta-index; size: 682 bytes; exists: false
       Install file: C:\Program Files (x86)\Flapjack\jre\lib\ext\sunec.jar; size: 15817 bytes; exists: false
       Install file: C:\Program Files (x86)\Flapjack\jre\lib\ext\sunjce_provider.jar; size: 198110 bytes; exists: false
       Install file: C:\Program Files (x86)\Flapjack\jre\lib\ext\sunmscapi.jar; size: 30560 bytes; exists: false
       Install file: C:\Program Files (x86)\Flapjack\jre\lib\ext\sunpkcs11.jar; size: 237969 bytes; exists: false
       Install file: C:\Program Files (x86)\Flapjack\jre\lib\ext\zipfs.jar; size: 68653 bytes; exists: false
       Install file: C:\Program Files (x86)\Flapjack\jre\lib\flavormap.properties; size: 3928 bytes; exists: false
       Install file: C:\Program Files (x86)\Flapjack\jre\lib\fontconfig.bfc; size: 3670 bytes; exists: false
       Install file: C:\Program Files (x86)\Flapjack\jre\lib\fontconfig.properties.src; size: 10479 bytes; exists: false
       Install file: C:\Program Files (x86)\Flapjack\jre\lib\fonts\LucidaBrightDemiBold.ttf; size: 75144 bytes; exists: false
       Install file: C:\Program Files (x86)\Flapjack\jre\lib\fonts\LucidaBrightDemiItalic.ttf; size: 75124 bytes; exists: false
       Install file: C:\Program Files (x86)\Flapjack\jre\lib\fonts\LucidaBrightItalic.ttf; size: 80856 bytes; exists: false
       Install file: C:\Program Files (x86)\Flapjack\jre\lib\fonts\LucidaBrightRegular.ttf; size: 344908 bytes; exists: false
       Install file: C:\Program Files (x86)\Flapjack\jre\lib\fonts\LucidaSansDemiBold.ttf; size: 317896 bytes; exists: false
       Install file: C:\Program Files (x86)\Flapjack\jre\lib\fonts\LucidaSansRegular.ttf; size: 698236 bytes; exists: false
       Install file: C:\Program Files (x86)\Flapjack\jre\lib\fonts\LucidaTypewriterBold.ttf; size: 234068 bytes; exists: false
       Install file: C:\Program Files (x86)\Flapjack\jre\lib\fonts\LucidaTypewriterRegular.ttf; size: 242700 bytes; exists: false
       Install file: C:\Program Files (x86)\Flapjack\jre\lib\i386\jvm.cfg; size: 686 bytes; exists: false
       Install file: C:\Program Files (x86)\Flapjack\jre\lib\images\cursors\cursors.properties; size: 1280 bytes; exists: false
       Install file: C:\Program Files (x86)\Flapjack\jre\lib\images\cursors\invalid32x32.gif; size: 153 bytes; exists: false
       Install file: C:\Program Files (x86)\Flapjack\jre\lib\images\cursors\win32_CopyDrop32x32.gif; size: 165 bytes; exists: false
       Install file: C:\Program Files (x86)\Flapjack\jre\lib\images\cursors\win32_CopyNoDrop32x32.gif; size: 153 bytes; exists: false
       Install file: C:\Program Files (x86)\Flapjack\jre\lib\images\cursors\win32_LinkDrop32x32.gif; size: 168 bytes; exists: false
       Install file: C:\Program Files (x86)\Flapjack\jre\lib\images\cursors\win32_LinkNoDrop32x32.gif; size: 153 bytes; exists: false
       Install file: C:\Program Files (x86)\Flapjack\jre\lib\images\cursors\win32_MoveDrop32x32.gif; size: 147 bytes; exists: false
       Install file: C:\Program Files (x86)\Flapjack\jre\lib\images\cursors\win32_MoveNoDrop32x32.gif; size: 153 bytes; exists: false
       Install file: C:\Program Files (x86)\Flapjack\jre\lib\jce.jar; size: 108596 bytes; exists: false
       Install file: C:\Program Files (x86)\Flapjack\jre\lib\jfr.jar; size: 461153 bytes; exists: false
       Install file: C:\Program Files (x86)\Flapjack\jre\lib\jsse.jar; size: 520885 bytes; exists: false
       File options set to: [fileTime: Tue May 29 21:30:49 IST 2012, mode: 644, overwriteMode: Always ask except for update, shared: false, uninstallMode: If created, but not for update, delayIfNecessary: false]
       Install file: C:\Program Files (x86)\Flapjack\jre\lib\jsse.jar.pack; size: 141517 bytes; exists: false
       File options set to: [fileTime: Tue May 29 21:30:44 IST 2012, mode: 644, overwriteMode: Always ask except for update, shared: false, uninstallMode: If created, but not for update, delayIfNecessary: false]
       Install file: C:\Program Files (x86)\Flapjack\jre\lib\jvm.hprof.txt; size: 4226 bytes; exists: false
       Install file: C:\Program Files (x86)\Flapjack\jre\lib\logging.properties; size: 2455 bytes; exists: false
       Install file: C:\Program Files (x86)\Flapjack\jre\lib\management\jmxremote.access; size: 3998 bytes; exists: false
       Install file: C:\Program Files (x86)\Flapjack\jre\lib\management\jmxremote.password.template; size: 2856 bytes; exists: false
       Install file: C:\Program Files (x86)\Flapjack\jre\lib\management\management.properties; size: 14097 bytes; exists: false
       Install file: C:\Program Files (x86)\Flapjack\jre\lib\management\snmp.acl.template; size: 3376 bytes; exists: false
       Install file: C:\Program Files (x86)\Flapjack\jre\lib\management-agent.jar; size: 385 bytes; exists: false
       Install file: C:\Program Files (x86)\Flapjack\jre\lib\meta-index; size: 2196 bytes; exists: false
       Install file: C:\Program Files (x86)\Flapjack\jre\lib\net.properties; size: 3070 bytes; exists: false
       Install file: C:\Program Files (x86)\Flapjack\jre\lib\plugin.jar; size: 1851885 bytes; exists: false
       File options set to: [fileTime: Tue May 29 21:30:49 IST 2012, mode: 644, overwriteMode: Always ask except for update, shared: false, uninstallMode: If created, but not for update, delayIfNecessary: false]
       Install file: C:\Program Files (x86)\Flapjack\jre\lib\plugin.jar.pack; size: 481909 bytes; exists: false
       File options set to: [fileTime: Tue May 29 21:30:44 IST 2012, mode: 644, overwriteMode: Always ask except for update, shared: false, uninstallMode: If created, but not for update, delayIfNecessary: false]
       Install file: C:\Program Files (x86)\Flapjack\jre\lib\psfont.properties.ja; size: 2796 bytes; exists: false
       Install file: C:\Program Files (x86)\Flapjack\jre\lib\psfontj2d.properties; size: 10393 bytes; exists: false
       Install file: C:\Program Files (x86)\Flapjack\jre\lib\resources.jar; size: 2464212 bytes; exists: false
       Install file: C:\Program Files (x86)\Flapjack\jre\lib\rt.jar; size: 51921546 bytes; exists: false
       File options set to: [fileTime: Tue May 29 21:30:48 IST 2012, mode: 644, overwriteMode: Always ask except for update, shared: false, uninstallMode: If created, but not for update, delayIfNecessary: false]
       Install file: C:\Program Files (x86)\Flapjack\jre\lib\rt.jar.pack; size: 13742718 bytes; exists: false
       File options set to: [fileTime: Tue May 29 21:30:44 IST 2012, mode: 644, overwriteMode: Always ask except for update, shared: false, uninstallMode: If created, but not for update, delayIfNecessary: false]
       Install file: C:\Program Files (x86)\Flapjack\jre\lib\security\blacklist; size: 421 bytes; exists: false
       Install file: C:\Program Files (x86)\Flapjack\jre\lib\security\cacerts; size: 83581 bytes; exists: false
       Install file: C:\Program Files (x86)\Flapjack\jre\lib\security\java.policy; size: 2254 bytes; exists: false
       Install file: C:\Program Files (x86)\Flapjack\jre\lib\security\java.security; size: 15024 bytes; exists: false
       Install file: C:\Program Files (x86)\Flapjack\jre\lib\security\javaws.policy; size: 98 bytes; exists: false
       Install file: C:\Program Files (x86)\Flapjack\jre\lib\security\local_policy.jar; size: 2971 bytes; exists: false
       Install file: C:\Program Files (x86)\Flapjack\jre\lib\security\trusted.libraries; size: 14189 bytes; exists: false
       Install file: C:\Program Files (x86)\Flapjack\jre\lib\security\US_export_policy.jar; size: 2487 bytes; exists: false
       Install file: C:\Program Files (x86)\Flapjack\jre\lib\servicetag\jdk_header.png; size: 8705 bytes; exists: false
       Install file: C:\Program Files (x86)\Flapjack\jre\lib\servicetag\registration.xml; size: 1547 bytes; exists: false
       Install file: C:\Program Files (x86)\Flapjack\jre\lib\sound.properties; size: 1210 bytes; exists: false
       Install file: C:\Program Files (x86)\Flapjack\jre\lib\tzmappings; size: 8138 bytes; exists: false
       Install file: C:\Program Files (x86)\Flapjack\jre\lib\zi\Africa\Abidjan; size: 65 bytes; exists: false
       Install file: C:\Program Files (x86)\Flapjack\jre\lib\zi\Africa\Accra; size: 181 bytes; exists: false
       Install file: C:\Program Files (x86)\Flapjack\jre\lib\zi\Africa\Addis_Ababa; size: 65 bytes; exists: false
       Install file: C:\Program Files (x86)\Flapjack\jre\lib\zi\Africa\Algiers; size: 333 bytes; exists: false
       Install file: C:\Program Files (x86)\Flapjack\jre\lib\zi\Africa\Asmara; size: 65 bytes; exists: false
       Install file: C:\Program Files (x86)\Flapjack\jre\lib\zi\Africa\Bamako; size: 85 bytes; exists: false
       Install file: C:\Program Files (x86)\Flapjack\jre\lib\zi\Africa\Bangui; size: 65 bytes; exists: false
       Install file: C:\Program Files (x86)\Flapjack\jre\lib\zi\Africa\Banjul; size: 77 bytes; exists: false
       Install file: C:\Program Files (x86)\Flapjack\jre\lib\zi\Africa\Bissau; size: 77 bytes; exists: false
       Install file: C:\Program Files (x86)\Flapjack\jre\lib\zi\Africa\Blantyre; size: 65 bytes; exists: false
       Install file: C:\Program Files (x86)\Flapjack\jre\lib\zi\Africa\Brazzaville; size: 65 bytes; exists: false
       Install file: C:\Program Files (x86)\Flapjack\jre\lib\zi\Africa\Bujumbura; size: 27 bytes; exists: false
       Install file: C:\Program Files (x86)\Flapjack\jre\lib\zi\Africa\Cairo; size: 1049 bytes; exists: false
       Install file: C:\Program Files (x86)\Flapjack\jre\lib\zi\Africa\Casablanca; size: 720 bytes; exists: false
       Install file: C:\Program Files (x86)\Flapjack\jre\lib\zi\Africa\Ceuta; size: 1112 bytes; exists: false
       Install file: C:\Program Files (x86)\Flapjack\jre\lib\zi\Africa\Conakry; size: 85 bytes; exists: false
       Install file: C:\Program Files (x86)\Flapjack\jre\lib\zi\Africa\Dakar; size: 77 bytes; exists: false
       Install file: C:\Program Files (x86)\Flapjack\jre\lib\zi\Africa\Dar_es_Salaam; size: 85 bytes; exists: false
       Install file: C:\Program Files (x86)\Flapjack\jre\lib\zi\Africa\Djibouti; size: 65 bytes; exists: false
       Install file: C:\Program Files (x86)\Flapjack\jre\lib\zi\Africa\Douala; size: 65 bytes; exists: false
       Install file: C:\Program Files (x86)\Flapjack\jre\lib\zi\Africa\El_Aaiun; size: 77 bytes; exists: false
       Install file: C:\Program Files (x86)\Flapjack\jre\lib\zi\Africa\Freetown; size: 313 bytes; exists: false
       Install file: C:\Program Files (x86)\Flapjack\jre\lib\zi\Africa\Gaborone; size: 77 bytes; exists: false
       Install file: C:\Program Files (x86)\Flapjack\jre\lib\zi\Africa\Harare; size: 65 bytes; exists: false
       Install file: C:\Program Files (x86)\Flapjack\jre\lib\zi\Africa\Johannesburg; size: 105 bytes; exists: false
       Install file: C:\Program Files (x86)\Flapjack\jre\lib\zi\Africa\Juba; size: 337 bytes; exists: false
       Install file: C:\Program Files (x86)\Flapjack\jre\lib\zi\Africa\Kampala; size: 97 bytes; exists: false
       Install file: C:\Program Files (x86)\Flapjack\jre\lib\zi\Africa\Khartoum; size: 337 bytes; exists: false
       File options set to: [fileTime: Tue May 29 21:30:45 IST 2012, mode: 644, overwriteMode: Always ask except for update, shared: false, uninstallMode: If created, but not for update, delayIfNecessary: false]
       Install file: C:\Program Files (x86)\Flapjack\jre\lib\zi\Africa\Kigali; size: 65 bytes; exists: false
       Install file: C:\Program Files (x86)\Flapjack\jre\lib\zi\Africa\Kinshasa; size: 27 bytes; exists: false
       Install file: C:\Program Files (x86)\Flapjack\jre\lib\zi\Africa\Lagos; size: 65 bytes; exists: false
       Install file: C:\Program Files (x86)\Flapjack\jre\lib\zi\Africa\Libreville; size: 65 bytes; exists: false
       Install file: C:\Program Files (x86)\Flapjack\jre\lib\zi\Africa\Lome; size: 27 bytes; exists: false
       Install file: C:\Program Files (x86)\Flapjack\jre\lib\zi\Africa\Luanda; size: 65 bytes; exists: false
       Install file: C:\Program Files (x86)\Flapjack\jre\lib\zi\Africa\Lubumbashi; size: 27 bytes; exists: false
       Install file: C:\Program Files (x86)\Flapjack\jre\lib\zi\Africa\Lusaka; size: 65 bytes; exists: false
       Install file: C:\Program Files (x86)\Flapjack\jre\lib\zi\Africa\Malabo; size: 77 bytes; exists: false
       Install file: C:\Program Files (x86)\Flapjack\jre\lib\zi\Africa\Maputo; size: 65 bytes; exists: false
       Install file: C:\Program Files (x86)\Flapjack\jre\lib\zi\Africa\Maseru; size: 89 bytes; exists: false
       Install file: C:\Program Files (x86)\Flapjack\jre\lib\zi\Africa\Mbabane; size: 65 bytes; exists: false
       Install file: C:\Program Files (x86)\Flapjack\jre\lib\zi\Africa\Mogadishu; size: 73 bytes; exists: false
       Install file: C:\Program Files (x86)\Flapjack\jre\lib\zi\Africa\Monrovia; size: 77 bytes; exists: false
       Install file: C:\Program Files (x86)\Flapjack\jre\lib\zi\Africa\Nairobi; size: 97 bytes; exists: false
       Install file: C:\Program Files (x86)\Flapjack\jre\lib\zi\Africa\Ndjamena; size: 89 bytes; exists: false
       Install file: C:\Program Files (x86)\Flapjack\jre\lib\zi\Africa\Niamey; size: 89 bytes; exists: false
       Install file: C:\Program Files (x86)\Flapjack\jre\lib\zi\Africa\Nouakchott; size: 85 bytes; exists: false
       Install file: C:\Program Files (x86)\Flapjack\jre\lib\zi\Africa\Ouagadougou; size: 65 bytes; exists: false
       Install file: C:\Program Files (x86)\Flapjack\jre\lib\zi\Africa\Porto-Novo; size: 77 bytes; exists: false
       Install file: C:\Program Files (x86)\Flapjack\jre\lib\zi\Africa\Sao_Tome; size: 65 bytes; exists: false
       Install file: C:\Program Files (x86)\Flapjack\jre\lib\zi\Africa\Tripoli; size: 293 bytes; exists: false
       Install file: C:\Program Files (x86)\Flapjack\jre\lib\zi\Africa\Tunis; size: 329 bytes; exists: false
       Install file: C:\Program Files (x86)\Flapjack\jre\lib\zi\Africa\Windhoek; size: 824 bytes; exists: false
       Install file: C:\Program Files (x86)\Flapjack\jre\lib\zi\America\Adak; size: 1224 bytes; exists: false
       Install file: C:\Program Files (x86)\Flapjack\jre\lib\zi\America\Anchorage; size: 1224 bytes; exists: false
       Install file: C:\Program Files (x86)\Flapjack\jre\lib\zi\America\Anguilla; size: 65 bytes; exists: false
       Install file: C:\Program Files (x86)\Flapjack\jre\lib\zi\America\Antigua; size: 77 bytes; exists: false
       Install file: C:\Program Files (x86)\Flapjack\jre\lib\zi\America\Araguaina; size: 457 bytes; exists: false
       Install file: C:\Program Files (x86)\Flapjack\jre\lib\zi\America\Argentina\Buenos_Aires; size: 549 bytes; exists: false
       Install file: C:\Program Files (x86)\Flapjack\jre\lib\zi\America\Argentina\Catamarca; size: 549 bytes; exists: false
       Install file: C:\Program Files (x86)\Flapjack\jre\lib\zi\America\Argentina\Cordoba; size: 549 bytes; exists: false
       Install file: C:\Program Files (x86)\Flapjack\jre\lib\zi\America\Argentina\Jujuy; size: 533 bytes; exists: false
       Install file: C:\Program Files (x86)\Flapjack\jre\lib\zi\America\Argentina\La_Rioja; size: 557 bytes; exists: false
       Install file: C:\Program Files (x86)\Flapjack\jre\lib\zi\America\Argentina\Mendoza; size: 549 bytes; exists: false
       Install file: C:\Program Files (x86)\Flapjack\jre\lib\zi\America\Argentina\Rio_Gallegos; size: 549 bytes; exists: false
       Install file: C:\Program Files (x86)\Flapjack\jre\lib\zi\America\Argentina\Salta; size: 533 bytes; exists: false
       Install file: C:\Program Files (x86)\Flapjack\jre\lib\zi\America\Argentina\San_Juan; size: 557 bytes; exists: false
       Install file: C:\Program Files (x86)\Flapjack\jre\lib\zi\America\Argentina\San_Luis; size: 557 bytes; exists: false
       Install file: C:\Program Files (x86)\Flapjack\jre\lib\zi\America\Argentina\Tucuman; size: 565 bytes; exists: false
       Install file: C:\Program Files (x86)\Flapjack\jre\lib\zi\America\Argentina\Ushuaia; size: 549 bytes; exists: false
       Install file: C:\Program Files (x86)\Flapjack\jre\lib\zi\America\Aruba; size: 77 bytes; exists: false
       Install file: C:\Program Files (x86)\Flapjack\jre\lib\zi\America\Asuncion; size: 1116 bytes; exists: false
       Install file: C:\Program Files (x86)\Flapjack\jre\lib\zi\America\Atikokan; size: 93 bytes; exists: false
       Install file: C:\Program Files (x86)\Flapjack\jre\lib\zi\America\Bahia; size: 988 bytes; exists: false
       Install file: C:\Program Files (x86)\Flapjack\jre\lib\zi\America\Bahia_Banderas; size: 844 bytes; exists: false
       Install file: C:\Program Files (x86)\Flapjack\jre\lib\zi\America\Barbados; size: 137 bytes; exists: false
       Install file: C:\Program Files (x86)\Flapjack\jre\lib\zi\America\Belem; size: 297 bytes; exists: false
       Install file: C:\Program Files (x86)\Flapjack\jre\lib\zi\America\Belize; size: 513 bytes; exists: false
       Install file: C:\Program Files (x86)\Flapjack\jre\lib\zi\America\Blanc-Sablon; size: 93 bytes; exists: false
       Install file: C:\Program Files (x86)\Flapjack\jre\lib\zi\America\Boa_Vista; size: 329 bytes; exists: false
       Install file: C:\Program Files (x86)\Flapjack\jre\lib\zi\America\Bogota; size: 89 bytes; exists: false
       Install file: C:\Program Files (x86)\Flapjack\jre\lib\zi\America\Boise; size: 1284 bytes; exists: false
       Install file: C:\Program Files (x86)\Flapjack\jre\lib\zi\America\Cambridge_Bay; size: 1076 bytes; exists: false
       Install file: C:\Program Files (x86)\Flapjack\jre\lib\zi\America\Campo_Grande; size: 1116 bytes; exists: false
       Install file: C:\Program Files (x86)\Flapjack\jre\lib\zi\America\Cancun; size: 792 bytes; exists: false
       Install file: C:\Program Files (x86)\Flapjack\jre\lib\zi\America\Caracas; size: 85 bytes; exists: false
       Install file: C:\Program Files (x86)\Flapjack\jre\lib\zi\America\Cayenne; size: 77 bytes; exists: false
       Install file: C:\Program Files (x86)\Flapjack\jre\lib\zi\America\Cayman; size: 65 bytes; exists: false
       Install file: C:\Program Files (x86)\Flapjack\jre\lib\zi\America\Chicago; size: 1960 bytes; exists: false
       Install file: C:\Program Files (x86)\Flapjack\jre\lib\zi\America\Chihuahua; size: 816 bytes; exists: false
       Install file: C:\Program Files (x86)\Flapjack\jre\lib\zi\America\Costa_Rica; size: 137 bytes; exists: false
       Install file: C:\Program Files (x86)\Flapjack\jre\lib\zi\America\Creston; size: 73 bytes; exists: false
       Install file: C:\Program Files (x86)\Flapjack\jre\lib\zi\America\Cuiaba; size: 1100 bytes; exists: false
       Install file: C:\Program Files (x86)\Flapjack\jre\lib\zi\America\Curacao; size: 77 bytes; exists: false
       Install file: C:\Program Files (x86)\Flapjack\jre\lib\zi\America\Danmarkshavn; size: 341 bytes; exists: false
       Install file: C:\Program Files (x86)\Flapjack\jre\lib\zi\America\Dawson; size: 1108 bytes; exists: false
       Install file: C:\Program Files (x86)\Flapjack\jre\lib\zi\America\Dawson_Creek; size: 509 bytes; exists: false
       Install file: C:\Program Files (x86)\Flapjack\jre\lib\zi\America\Denver; size: 1336 bytes; exists: false
       Install file: C:\Program Files (x86)\Flapjack\jre\lib\zi\America\Detroit; size: 1200 bytes; exists: false
       Install file: C:\Program Files (x86)\Flapjack\jre\lib\zi\America\Dominica; size: 65 bytes; exists: false
       Install file: C:\Program Files (x86)\Flapjack\jre\lib\zi\America\Edmonton; size: 1316 bytes; exists: false
       Install file: C:\Program Files (x86)\Flapjack\jre\lib\zi\America\Eirunepe; size: 321 bytes; exists: false
       Install file: C:\Program Files (x86)\Flapjack\jre\lib\zi\America\El_Salvador; size: 105 bytes; exists: false
       Install file: C:\Program Files (x86)\Flapjack\jre\lib\zi\America\Fortaleza; size: 377 bytes; exists: false
       Install file: C:\Program Files (x86)\Flapjack\jre\lib\zi\America\Glace_Bay; size: 1204 bytes; exists: false
       Install file: C:\Program Files (x86)\Flapjack\jre\lib\zi\America\Godthab; size: 1036 bytes; exists: false
       Install file: C:\Program Files (x86)\Flapjack\jre\lib\zi\America\Goose_Bay; size: 1728 bytes; exists: false
       Install file: C:\Program Files (x86)\Flapjack\jre\lib\zi\America\Grand_Turk; size: 1044 bytes; exists: false
       Install file: C:\Program Files (x86)\Flapjack\jre\lib\zi\America\Grenada; size: 65 bytes; exists: false
       Install file: C:\Program Files (x86)\Flapjack\jre\lib\zi\America\Guadeloupe; size: 65 bytes; exists: false
       Install file: C:\Program Files (x86)\Flapjack\jre\lib\zi\America\Guatemala; size: 137 bytes; exists: false
       Install file: C:\Program Files (x86)\Flapjack\jre\lib\zi\America\Guayaquil; size: 65 bytes; exists: false
       Install file: C:\Program Files (x86)\Flapjack\jre\lib\zi\America\Guyana; size: 89 bytes; exists: false
       Install file: C:\Program Files (x86)\Flapjack\jre\lib\zi\America\Halifax; size: 1908 bytes; exists: false
       Install file: C:\Program Files (x86)\Flapjack\jre\lib\zi\America\Havana; size: 1340 bytes; exists: false
       Install file: C:\Program Files (x86)\Flapjack\jre\lib\zi\America\Hermosillo; size: 189 bytes; exists: false
       Install file: C:\Program Files (x86)\Flapjack\jre\lib\zi\America\Indiana\Indianapolis; size: 868 bytes; exists: false
       Install file: C:\Program Files (x86)\Flapjack\jre\lib\zi\America\Indiana\Knox; size: 1304 bytes; exists: false
       Install file: C:\Program Files (x86)\Flapjack\jre\lib\zi\America\Indiana\Marengo; size: 900 bytes; exists: false
       Install file: C:\Program Files (x86)\Flapjack\jre\lib\zi\America\Indiana\Petersburg; size: 1004 bytes; exists: false
       Install file: C:\Program Files (x86)\Flapjack\jre\lib\zi\America\Indiana\Tell_City; size: 884 bytes; exists: false
       Install file: C:\Program Files (x86)\Flapjack\jre\lib\zi\America\Indiana\Vevay; size: 724 bytes; exists: false
       Install file: C:\Program Files (x86)\Flapjack\jre\lib\zi\America\Indiana\Vincennes; size: 884 bytes; exists: false
       Install file: C:\Program Files (x86)\Flapjack\jre\lib\zi\America\Indiana\Winamac; size: 932 bytes; exists: false
       Install file: C:\Program Files (x86)\Flapjack\jre\lib\zi\America\Inuvik; size: 1060 bytes; exists: false
       Install file: C:\Program Files (x86)\Flapjack\jre\lib\zi\America\Iqaluit; size: 1064 bytes; exists: false
       Install file: C:\Program Files (x86)\Flapjack\jre\lib\zi\America\Jamaica; size: 233 bytes; exists: false
       Install file: C:\Program Files (x86)\Flapjack\jre\lib\zi\America\Juneau; size: 1224 bytes; exists: false
       Install file: C:\Program Files (x86)\Flapjack\jre\lib\zi\America\Kentucky\Louisville; size: 1500 bytes; exists: false
       Install file: C:\Program Files (x86)\Flapjack\jre\lib\zi\America\Kentucky\Monticello; size: 1260 bytes; exists: false
       Install file: C:\Program Files (x86)\Flapjack\jre\lib\zi\America\La_Paz; size: 81 bytes; exists: false
       Install file: C:\Program Files (x86)\Flapjack\jre\lib\zi\America\Lima; size: 185 bytes; exists: false
       Install file: C:\Program Files (x86)\Flapjack\jre\lib\zi\America\Los_Angeles; size: 1560 bytes; exists: false
       Install file: C:\Program Files (x86)\Flapjack\jre\lib\zi\America\Maceio; size: 393 bytes; exists: false
       Install file: C:\Program Files (x86)\Flapjack\jre\lib\zi\America\Managua; size: 185 bytes; exists: false
       Install file: C:\Program Files (x86)\Flapjack\jre\lib\zi\America\Manaus; size: 313 bytes; exists: false
       Install file: C:\Program Files (x86)\Flapjack\jre\lib\zi\America\Martinique; size: 89 bytes; exists: false
       Install file: C:\Program Files (x86)\Flapjack\jre\lib\zi\America\Matamoros; size: 788 bytes; exists: false
       Install file: C:\Program Files (x86)\Flapjack\jre\lib\zi\America\Mazatlan; size: 840 bytes; exists: false
       Install file: C:\Program Files (x86)\Flapjack\jre\lib\zi\America\Menominee; size: 1216 bytes; exists: false
       Install file: C:\Program Files (x86)\Flapjack\jre\lib\zi\America\Merida; size: 788 bytes; exists: false
       Install file: C:\Program Files (x86)\Flapjack\jre\lib\zi\America\Metlakatla; size: 329 bytes; exists: false
       Install file: C:\Program Files (x86)\Flapjack\jre\lib\zi\America\Mexico_City; size: 880 bytes; exists: false
       Install file: C:\Program Files (x86)\Flapjack\jre\lib\zi\America\Miquelon; size: 928 bytes; exists: false
       Install file: C:\Program Files (x86)\Flapjack\jre\lib\zi\America\Moncton; size: 1732 bytes; exists: false
       Install file: C:\Program Files (x86)\Flapjack\jre\lib\zi\America\Monterrey; size: 788 bytes; exists: false
       Install file: C:\Program Files (x86)\Flapjack\jre\lib\zi\America\Montevideo; size: 1152 bytes; exists: false
       Install file: C:\Program Files (x86)\Flapjack\jre\lib\zi\America\Montreal; size: 1928 bytes; exists: false
       Install file: C:\Program Files (x86)\Flapjack\jre\lib\zi\America\Montserrat; size: 65 bytes; exists: false
       Install file: C:\Program Files (x86)\Flapjack\jre\lib\zi\America\Nassau; size: 1284 bytes; exists: false
       Install file: C:\Program Files (x86)\Flapjack\jre\lib\zi\America\New_York; size: 1960 bytes; exists: false
       Install file: C:\Program Files (x86)\Flapjack\jre\lib\zi\America\Nipigon; size: 1144 bytes; exists: false
       Install file: C:\Program Files (x86)\Flapjack\jre\lib\zi\America\Nome; size: 1228 bytes; exists: false
       Install file: C:\Program Files (x86)\Flapjack\jre\lib\zi\America\Noronha; size: 377 bytes; exists: false
       Install file: C:\Program Files (x86)\Flapjack\jre\lib\zi\America\North_Dakota\Beulah; size: 1276 bytes; exists: false
       Install file: C:\Program Files (x86)\Flapjack\jre\lib\zi\America\North_Dakota\Center; size: 1276 bytes; exists: false
       Install file: C:\Program Files (x86)\Flapjack\jre\lib\zi\America\North_Dakota\New_Salem; size: 1276 bytes; exists: false
       Install file: C:\Program Files (x86)\Flapjack\jre\lib\zi\America\Ojinaga; size: 816 bytes; exists: false
       Install file: C:\Program Files (x86)\Flapjack\jre\lib\zi\America\Panama; size: 65 bytes; exists: false
       Install file: C:\Program Files (x86)\Flapjack\jre\lib\zi\America\Pangnirtung; size: 1076 bytes; exists: false
       Install file: C:\Program Files (x86)\Flapjack\jre\lib\zi\America\Paramaribo; size: 101 bytes; exists: false
       Install file: C:\Program Files (x86)\Flapjack\jre\lib\zi\America\Phoenix; size: 141 bytes; exists: false
       Install file: C:\Program Files (x86)\Flapjack\jre\lib\zi\America\Port-au-Prince; size: 361 bytes; exists: false
       Install file: C:\Program Files (x86)\Flapjack\jre\lib\zi\America\Porto_Velho; size: 297 bytes; exists: false
       Install file: C:\Program Files (x86)\Flapjack\jre\lib\zi\America\Port_of_Spain; size: 65 bytes; exists: false
       Install file: C:\Program Files (x86)\Flapjack\jre\lib\zi\America\Puerto_Rico; size: 77 bytes; exists: false
       Install file: C:\Program Files (x86)\Flapjack\jre\lib\zi\America\Rainy_River; size: 1144 bytes; exists: false
       Install file: C:\Program Files (x86)\Flapjack\jre\lib\zi\America\Rankin_Inlet; size: 1052 bytes; exists: false
       Install file: C:\Program Files (x86)\Flapjack\jre\lib\zi\America\Recife; size: 377 bytes; exists: false
       Install file: C:\Program Files (x86)\Flapjack\jre\lib\zi\America\Regina; size: 481 bytes; exists: false
       Install file: C:\Program Files (x86)\Flapjack\jre\lib\zi\America\Resolute; size: 1052 bytes; exists: false
       Install file: C:\Program Files (x86)\Flapjack\jre\lib\zi\America\Rio_Branco; size: 305 bytes; exists: false
       Install file: C:\Program Files (x86)\Flapjack\jre\lib\zi\America\Santarem; size: 305 bytes; exists: false
       Install file: C:\Program Files (x86)\Flapjack\jre\lib\zi\America\Santa_Isabel; size: 1276 bytes; exists: false
       Install file: C:\Program Files (x86)\Flapjack\jre\lib\zi\America\Santiago; size: 1368 bytes; exists: false
       Install file: C:\Program Files (x86)\Flapjack\jre\lib\zi\America\Santo_Domingo; size: 201 bytes; exists: false
       Install file: C:\Program Files (x86)\Flapjack\jre\lib\zi\America\Sao_Paulo; size: 1116 bytes; exists: false
       Install file: C:\Program Files (x86)\Flapjack\jre\lib\zi\America\Scoresbysund; size: 1040 bytes; exists: false
       Install file: C:\Program Files (x86)\Flapjack\jre\lib\zi\America\Sitka; size: 1224 bytes; exists: false
       Install file: C:\Program Files (x86)\Flapjack\jre\lib\zi\America\St_Johns; size: 2000 bytes; exists: false
       Install file: C:\Program Files (x86)\Flapjack\jre\lib\zi\America\St_Kitts; size: 65 bytes; exists: false
       Install file: C:\Program Files (x86)\Flapjack\jre\lib\zi\America\St_Lucia; size: 65 bytes; exists: false
       Install file: C:\Program Files (x86)\Flapjack\jre\lib\zi\America\St_Thomas; size: 65 bytes; exists: false
       Install file: C:\Program Files (x86)\Flapjack\jre\lib\zi\America\St_Vincent; size: 65 bytes; exists: false
       Install file: C:\Program Files (x86)\Flapjack\jre\lib\zi\America\Swift_Current; size: 241 bytes; exists: false
       Install file: C:\Program Files (x86)\Flapjack\jre\lib\zi\America\Tegucigalpa; size: 121 bytes; exists: false
       Install file: C:\Program Files (x86)\Flapjack\jre\lib\zi\America\Thule; size: 852 bytes; exists: false
       Install file: C:\Program Files (x86)\Flapjack\jre\lib\zi\America\Thunder_Bay; size: 1188 bytes; exists: false
       Install file: C:\Program Files (x86)\Flapjack\jre\lib\zi\America\Tijuana; size: 1276 bytes; exists: false
       Install file: C:\Program Files (x86)\Flapjack\jre\lib\zi\America\Toronto; size: 1928 bytes; exists: false
       Install file: C:\Program Files (x86)\Flapjack\jre\lib\zi\America\Tortola; size: 65 bytes; exists: false
       Install file: C:\Program Files (x86)\Flapjack\jre\lib\zi\America\Vancouver; size: 1592 bytes; exists: false
       Install file: C:\Program Files (x86)\Flapjack\jre\lib\zi\America\Whitehorse; size: 1108 bytes; exists: false
       Install file: C:\Program Files (x86)\Flapjack\jre\lib\zi\America\Winnipeg; size: 1560 bytes; exists: false
       Install file: C:\Program Files (x86)\Flapjack\jre\lib\zi\America\Yakutat; size: 1220 bytes; exists: false
       Install file: C:\Program Files (x86)\Flapjack\jre\lib\zi\America\Yellowknife; size: 1068 bytes; exists: false
       Install file: C:\Program Files (x86)\Flapjack\jre\lib\zi\Antarctica\Casey; size: 101 bytes; exists: false
       Install file: C:\Program Files (x86)\Flapjack\jre\lib\zi\Antarctica\Davis; size: 117 bytes; exists: false
       Install file: C:\Program Files (x86)\Flapjack\jre\lib\zi\Antarctica\DumontDUrville; size: 81 bytes; exists: false
       Install file: C:\Program Files (x86)\Flapjack\jre\lib\zi\Antarctica\Macquarie; size: 825 bytes; exists: false
       Install file: C:\Program Files (x86)\Flapjack\jre\lib\zi\Antarctica\Mawson; size: 77 bytes; exists: false
       Install file: C:\Program Files (x86)\Flapjack\jre\lib\zi\Antarctica\McMurdo; size: 1124 bytes; exists: false
       Install file: C:\Program Files (x86)\Flapjack\jre\lib\zi\Antarctica\Palmer; size: 1104 bytes; exists: false
       Install file: C:\Program Files (x86)\Flapjack\jre\lib\zi\Antarctica\Rothera; size: 65 bytes; exists: false
       Install file: C:\Program Files (x86)\Flapjack\jre\lib\zi\Antarctica\Syowa; size: 65 bytes; exists: false
       Install file: C:\Program Files (x86)\Flapjack\jre\lib\zi\Antarctica\Vostok; size: 65 bytes; exists: false
       Install file: C:\Program Files (x86)\Flapjack\jre\lib\zi\Asia\Aden; size: 65 bytes; exists: false
       Install file: C:\Program Files (x86)\Flapjack\jre\lib\zi\Asia\Almaty; size: 453 bytes; exists: false
       Install file: C:\Program Files (x86)\Flapjack\jre\lib\zi\Asia\Amman; size: 1052 bytes; exists: false
       Install file: C:\Program Files (x86)\Flapjack\jre\lib\zi\Asia\Anadyr; size: 585 bytes; exists: false
       Install file: C:\Program Files (x86)\Flapjack\jre\lib\zi\Asia\Aqtau; size: 453 bytes; exists: false
       Install file: C:\Program Files (x86)\Flapjack\jre\lib\zi\Asia\Aqtobe; size: 453 bytes; exists: false
       Install file: C:\Program Files (x86)\Flapjack\jre\lib\zi\Asia\Ashgabat; size: 269 bytes; exists: false
       Install file: C:\Program Files (x86)\Flapjack\jre\lib\zi\Asia\Baghdad; size: 489 bytes; exists: false
       Install file: C:\Program Files (x86)\Flapjack\jre\lib\zi\Asia\Bahrain; size: 77 bytes; exists: false
       Install file: C:\Program Files (x86)\Flapjack\jre\lib\zi\Asia\Baku; size: 976 bytes; exists: false
       Install file: C:\Program Files (x86)\Flapjack\jre\lib\zi\Asia\Bangkok; size: 65 bytes; exists: false
       Install file: C:\Program Files (x86)\Flapjack\jre\lib\zi\Asia\Beirut; size: 1208 bytes; exists: false
       Install file: C:\Program Files (x86)\Flapjack\jre\lib\zi\Asia\Bishkek; size: 485 bytes; exists: false
       Install file: C:\Program Files (x86)\Flapjack\jre\lib\zi\Asia\Brunei; size: 77 bytes; exists: false
       Install file: C:\Program Files (x86)\Flapjack\jre\lib\zi\Asia\Choibalsan; size: 449 bytes; exists: false
       Install file: C:\Program Files (x86)\Flapjack\jre\lib\zi\Asia\Chongqing; size: 181 bytes; exists: false
       Install file: C:\Program Files (x86)\Flapjack\jre\lib\zi\Asia\Colombo; size: 129 bytes; exists: false
       Install file: C:\Program Files (x86)\Flapjack\jre\lib\zi\Asia\Damascus; size: 1300 bytes; exists: false
       Install file: C:\Program Files (x86)\Flapjack\jre\lib\zi\Asia\Dhaka; size: 121 bytes; exists: false
       Install file: C:\Program Files (x86)\Flapjack\jre\lib\zi\Asia\Dili; size: 93 bytes; exists: false
       Install file: C:\Program Files (x86)\Flapjack\jre\lib\zi\Asia\Dubai; size: 65 bytes; exists: false
       Install file: C:\Program Files (x86)\Flapjack\jre\lib\zi\Asia\Dushanbe; size: 261 bytes; exists: false
       Install file: C:\Program Files (x86)\Flapjack\jre\lib\zi\Asia\Gaza; size: 813 bytes; exists: false
       Install file: C:\Program Files (x86)\Flapjack\jre\lib\zi\Asia\Harbin; size: 205 bytes; exists: false
       Install file: C:\Program Files (x86)\Flapjack\jre\lib\zi\Asia\Hebron; size: 829 bytes; exists: false
       Install file: C:\Program Files (x86)\Flapjack\jre\lib\zi\Asia\Hong_Kong; size: 617 bytes; exists: false
       Install file: C:\Program Files (x86)\Flapjack\jre\lib\zi\Asia\Hovd; size: 437 bytes; exists: false
       Install file: C:\Program Files (x86)\Flapjack\jre\lib\zi\Asia\Ho_Chi_Minh; size: 97 bytes; exists: false
       Install file: C:\Program Files (x86)\Flapjack\jre\lib\zi\Asia\Irkutsk; size: 581 bytes; exists: false
       Install file: C:\Program Files (x86)\Flapjack\jre\lib\zi\Asia\Jakarta; size: 129 bytes; exists: false
       Install file: C:\Program Files (x86)\Flapjack\jre\lib\zi\Asia\Jayapura; size: 85 bytes; exists: false
       Install file: C:\Program Files (x86)\Flapjack\jre\lib\zi\Asia\Jerusalem; size: 1236 bytes; exists: false
       Install file: C:\Program Files (x86)\Flapjack\jre\lib\zi\Asia\Kabul; size: 65 bytes; exists: false
       Install file: C:\Program Files (x86)\Flapjack\jre\lib\zi\Asia\Kamchatka; size: 581 bytes; exists: false
       Install file: C:\Program Files (x86)\Flapjack\jre\lib\zi\Asia\Karachi; size: 153 bytes; exists: false
       Install file: C:\Program Files (x86)\Flapjack\jre\lib\zi\Asia\Kashgar; size: 193 bytes; exists: false
       Install file: C:\Program Files (x86)\Flapjack\jre\lib\zi\Asia\Kathmandu; size: 77 bytes; exists: false
       Install file: C:\Program Files (x86)\Flapjack\jre\lib\zi\Asia\Kolkata; size: 97 bytes; exists: false
       Install file: C:\Program Files (x86)\Flapjack\jre\lib\zi\Asia\Krasnoyarsk; size: 581 bytes; exists: false
       Install file: C:\Program Files (x86)\Flapjack\jre\lib\zi\Asia\Kuala_Lumpur; size: 145 bytes; exists: false
       Install file: C:\Program Files (x86)\Flapjack\jre\lib\zi\Asia\Kuching; size: 217 bytes; exists: false
       Install file: C:\Program Files (x86)\Flapjack\jre\lib\zi\Asia\Kuwait; size: 65 bytes; exists: false
       Install file: C:\Program Files (x86)\Flapjack\jre\lib\zi\Asia\Macau; size: 393 bytes; exists: false
       Install file: C:\Program Files (x86)\Flapjack\jre\lib\zi\Asia\Magadan; size: 581 bytes; exists: false
       Install file: C:\Program Files (x86)\Flapjack\jre\lib\zi\Asia\Makassar; size: 85 bytes; exists: false
       Install file: C:\Program Files (x86)\Flapjack\jre\lib\zi\Asia\Manila; size: 125 bytes; exists: false
       Install file: C:\Program Files (x86)\Flapjack\jre\lib\zi\Asia\Muscat; size: 65 bytes; exists: false
       Install file: C:\Program Files (x86)\Flapjack\jre\lib\zi\Asia\Nicosia; size: 1116 bytes; exists: false
       Install file: C:\Program Files (x86)\Flapjack\jre\lib\zi\Asia\Novokuznetsk; size: 581 bytes; exists: false
       Install file: C:\Program Files (x86)\Flapjack\jre\lib\zi\Asia\Novosibirsk; size: 589 bytes; exists: false
       Install file: C:\Program Files (x86)\Flapjack\jre\lib\zi\Asia\Omsk; size: 581 bytes; exists: false
       Install file: C:\Program Files (x86)\Flapjack\jre\lib\zi\Asia\Oral; size: 461 bytes; exists: false
       Install file: C:\Program Files (x86)\Flapjack\jre\lib\zi\Asia\Phnom_Penh; size: 97 bytes; exists: false
       Install file: C:\Program Files (x86)\Flapjack\jre\lib\zi\Asia\Pontianak; size: 125 bytes; exists: false
       Install file: C:\Program Files (x86)\Flapjack\jre\lib\zi\Asia\Pyongyang; size: 101 bytes; exists: false
       Install file: C:\Program Files (x86)\Flapjack\jre\lib\zi\Asia\Qatar; size: 77 bytes; exists: false
       Install file: C:\Program Files (x86)\Flapjack\jre\lib\zi\Asia\Qyzylorda; size: 465 bytes; exists: false
       Install file: C:\Program Files (x86)\Flapjack\jre\lib\zi\Asia\Rangoon; size: 85 bytes; exists: false
       Install file: C:\Program Files (x86)\Flapjack\jre\lib\zi\Asia\Riyadh; size: 65 bytes; exists: false
       Install file: C:\Program Files (x86)\Flapjack\jre\lib\zi\Asia\Riyadh87; size: 4821 bytes; exists: false
       Install file: C:\Program Files (x86)\Flapjack\jre\lib\zi\Asia\Riyadh88; size: 4733 bytes; exists: false
       Install file: C:\Program Files (x86)\Flapjack\jre\lib\zi\Asia\Riyadh89; size: 4765 bytes; exists: false
       Install file: C:\Program Files (x86)\Flapjack\jre\lib\zi\Asia\Sakhalin; size: 585 bytes; exists: false
       Install file: C:\Program Files (x86)\Flapjack\jre\lib\zi\Asia\Samarkand; size: 261 bytes; exists: false
       Install file: C:\Program Files (x86)\Flapjack\jre\lib\zi\Asia\Seoul; size: 165 bytes; exists: false
       File options set to: [fileTime: Tue May 29 21:30:46 IST 2012, mode: 644, overwriteMode: Always ask except for update, shared: false, uninstallMode: If created, but not for update, delayIfNecessary: false]
       Install file: C:\Program Files (x86)\Flapjack\jre\lib\zi\Asia\Shanghai; size: 201 bytes; exists: false
       Install file: C:\Program Files (x86)\Flapjack\jre\lib\zi\Asia\Singapore; size: 133 bytes; exists: false
       Install file: C:\Program Files (x86)\Flapjack\jre\lib\zi\Asia\Taipei; size: 381 bytes; exists: false
       Install file: C:\Program Files (x86)\Flapjack\jre\lib\zi\Asia\Tashkent; size: 261 bytes; exists: false
       Install file: C:\Program Files (x86)\Flapjack\jre\lib\zi\Asia\Tbilisi; size: 469 bytes; exists: false
       Install file: C:\Program Files (x86)\Flapjack\jre\lib\zi\Asia\Tehran; size: 892 bytes; exists: false
       Install file: C:\Program Files (x86)\Flapjack\jre\lib\zi\Asia\Thimphu; size: 77 bytes; exists: false
       Install file: C:\Program Files (x86)\Flapjack\jre\lib\zi\Asia\Tokyo; size: 125 bytes; exists: false
       Install file: C:\Program Files (x86)\Flapjack\jre\lib\zi\Asia\Ulaanbaatar; size: 437 bytes; exists: false
       Install file: C:\Program Files (x86)\Flapjack\jre\lib\zi\Asia\Urumqi; size: 181 bytes; exists: false
       Install file: C:\Program Files (x86)\Flapjack\jre\lib\zi\Asia\Vientiane; size: 97 bytes; exists: false
       Install file: C:\Program Files (x86)\Flapjack\jre\lib\zi\Asia\Vladivostok; size: 581 bytes; exists: false
       Install file: C:\Program Files (x86)\Flapjack\jre\lib\zi\Asia\Yakutsk; size: 581 bytes; exists: false
       Install file: C:\Program Files (x86)\Flapjack\jre\lib\zi\Asia\Yekaterinburg; size: 581 bytes; exists: false
       Install file: C:\Program Files (x86)\Flapjack\jre\lib\zi\Asia\Yerevan; size: 565 bytes; exists: false
       Install file: C:\Program Files (x86)\Flapjack\jre\lib\zi\Atlantic\Azores; size: 1868 bytes; exists: false
       Install file: C:\Program Files (x86)\Flapjack\jre\lib\zi\Atlantic\Bermuda; size: 1124 bytes; exists: false
       Install file: C:\Program Files (x86)\Flapjack\jre\lib\zi\Atlantic\Canary; size: 1044 bytes; exists: false
       Install file: C:\Program Files (x86)\Flapjack\jre\lib\zi\Atlantic\Cape_Verde; size: 97 bytes; exists: false
       Install file: C:\Program Files (x86)\Flapjack\jre\lib\zi\Atlantic\Faroe; size: 1016 bytes; exists: false
       Install file: C:\Program Files (x86)\Flapjack\jre\lib\zi\Atlantic\Madeira; size: 1864 bytes; exists: false
       Install file: C:\Program Files (x86)\Flapjack\jre\lib\zi\Atlantic\Reykjavik; size: 577 bytes; exists: false
       Install file: C:\Program Files (x86)\Flapjack\jre\lib\zi\Atlantic\South_Georgia; size: 27 bytes; exists: false
       Install file: C:\Program Files (x86)\Flapjack\jre\lib\zi\Atlantic\Stanley; size: 621 bytes; exists: false
       Install file: C:\Program Files (x86)\Flapjack\jre\lib\zi\Atlantic\St_Helena; size: 65 bytes; exists: false
       Install file: C:\Program Files (x86)\Flapjack\jre\lib\zi\Australia\Adelaide; size: 1224 bytes; exists: false
       Install file: C:\Program Files (x86)\Flapjack\jre\lib\zi\Australia\Brisbane; size: 189 bytes; exists: false
       Install file: C:\Program Files (x86)\Flapjack\jre\lib\zi\Australia\Broken_Hill; size: 1224 bytes; exists: false
       Install file: C:\Program Files (x86)\Flapjack\jre\lib\zi\Australia\Currie; size: 1224 bytes; exists: false
       Install file: C:\Program Files (x86)\Flapjack\jre\lib\zi\Australia\Darwin; size: 125 bytes; exists: false
       Install file: C:\Program Files (x86)\Flapjack\jre\lib\zi\Australia\Eucla; size: 205 bytes; exists: false
       Install file: C:\Program Files (x86)\Flapjack\jre\lib\zi\Australia\Hobart; size: 1288 bytes; exists: false
       Install file: C:\Program Files (x86)\Flapjack\jre\lib\zi\Australia\Lindeman; size: 221 bytes; exists: false
       Install file: C:\Program Files (x86)\Flapjack\jre\lib\zi\Australia\Lord_Howe; size: 1012 bytes; exists: false
       Install file: C:\Program Files (x86)\Flapjack\jre\lib\zi\Australia\Melbourne; size: 1224 bytes; exists: false
       Install file: C:\Program Files (x86)\Flapjack\jre\lib\zi\Australia\Perth; size: 205 bytes; exists: false
       Install file: C:\Program Files (x86)\Flapjack\jre\lib\zi\Australia\Sydney; size: 1224 bytes; exists: false
       Install file: C:\Program Files (x86)\Flapjack\jre\lib\zi\CET; size: 1184 bytes; exists: false
       Install file: C:\Program Files (x86)\Flapjack\jre\lib\zi\CST6CDT; size: 1272 bytes; exists: false
       Install file: C:\Program Files (x86)\Flapjack\jre\lib\zi\EET; size: 1072 bytes; exists: false
       Install file: C:\Program Files (x86)\Flapjack\jre\lib\zi\EST; size: 27 bytes; exists: false
       Install file: C:\Program Files (x86)\Flapjack\jre\lib\zi\EST5EDT; size: 1272 bytes; exists: false
       Install file: C:\Program Files (x86)\Flapjack\jre\lib\zi\Etc\GMT; size: 27 bytes; exists: false
       Install file: C:\Program Files (x86)\Flapjack\jre\lib\zi\Etc\GMT+1; size: 27 bytes; exists: false
       Install file: C:\Program Files (x86)\Flapjack\jre\lib\zi\Etc\GMT+10; size: 27 bytes; exists: false
       Install file: C:\Program Files (x86)\Flapjack\jre\lib\zi\Etc\GMT+11; size: 27 bytes; exists: false
       Install file: C:\Program Files (x86)\Flapjack\jre\lib\zi\Etc\GMT+12; size: 27 bytes; exists: false
       Install file: C:\Program Files (x86)\Flapjack\jre\lib\zi\Etc\GMT+2; size: 27 bytes; exists: false
       Install file: C:\Program Files (x86)\Flapjack\jre\lib\zi\Etc\GMT+3; size: 27 bytes; exists: false
       Install file: C:\Program Files (x86)\Flapjack\jre\lib\zi\Etc\GMT+4; size: 27 bytes; exists: false
       Install file: C:\Program Files (x86)\Flapjack\jre\lib\zi\Etc\GMT+5; size: 27 bytes; exists: false
       Install file: C:\Program Files (x86)\Flapjack\jre\lib\zi\Etc\GMT+6; size: 27 bytes; exists: false
       Install file: C:\Program Files (x86)\Flapjack\jre\lib\zi\Etc\GMT+7; size: 27 bytes; exists: false
       Install file: C:\Program Files (x86)\Flapjack\jre\lib\zi\Etc\GMT+8; size: 27 bytes; exists: false
       Install file: C:\Program Files (x86)\Flapjack\jre\lib\zi\Etc\GMT+9; size: 27 bytes; exists: false
       Install file: C:\Program Files (x86)\Flapjack\jre\lib\zi\Etc\GMT-1; size: 27 bytes; exists: false
       Install file: C:\Program Files (x86)\Flapjack\jre\lib\zi\Etc\GMT-10; size: 27 bytes; exists: false
       Install file: C:\Program Files (x86)\Flapjack\jre\lib\zi\Etc\GMT-11; size: 27 bytes; exists: false
       Install file: C:\Program Files (x86)\Flapjack\jre\lib\zi\Etc\GMT-12; size: 27 bytes; exists: false
       Install file: C:\Program Files (x86)\Flapjack\jre\lib\zi\Etc\GMT-13; size: 27 bytes; exists: false
       Install file: C:\Program Files (x86)\Flapjack\jre\lib\zi\Etc\GMT-14; size: 27 bytes; exists: false
       Install file: C:\Program Files (x86)\Flapjack\jre\lib\zi\Etc\GMT-2; size: 27 bytes; exists: false
       Install file: C:\Program Files (x86)\Flapjack\jre\lib\zi\Etc\GMT-3; size: 27 bytes; exists: false
       Install file: C:\Program Files (x86)\Flapjack\jre\lib\zi\Etc\GMT-4; size: 27 bytes; exists: false
       Install file: C:\Program Files (x86)\Flapjack\jre\lib\zi\Etc\GMT-5; size: 27 bytes; exists: false
       Install file: C:\Program Files (x86)\Flapjack\jre\lib\zi\Etc\GMT-6; size: 27 bytes; exists: false
       Install file: C:\Program Files (x86)\Flapjack\jre\lib\zi\Etc\GMT-7; size: 27 bytes; exists: false
       Install file: C:\Program Files (x86)\Flapjack\jre\lib\zi\Etc\GMT-8; size: 27 bytes; exists: false
       Install file: C:\Program Files (x86)\Flapjack\jre\lib\zi\Etc\GMT-9; size: 27 bytes; exists: false
       Install file: C:\Program Files (x86)\Flapjack\jre\lib\zi\Etc\UCT; size: 27 bytes; exists: false
       Install file: C:\Program Files (x86)\Flapjack\jre\lib\zi\Etc\UTC; size: 27 bytes; exists: false
       Install file: C:\Program Files (x86)\Flapjack\jre\lib\zi\Europe\Amsterdam; size: 1544 bytes; exists: false
       Install file: C:\Program Files (x86)\Flapjack\jre\lib\zi\Europe\Andorra; size: 968 bytes; exists: false
       Install file: C:\Program Files (x86)\Flapjack\jre\lib\zi\Europe\Athens; size: 1196 bytes; exists: false
       Install file: C:\Program Files (x86)\Flapjack\jre\lib\zi\Europe\Belgrade; size: 1040 bytes; exists: false
       Install file: C:\Program Files (x86)\Flapjack\jre\lib\zi\Europe\Berlin; size: 1236 bytes; exists: false
       Install file: C:\Program Files (x86)\Flapjack\jre\lib\zi\Europe\Brussels; size: 1564 bytes; exists: false
       Install file: C:\Program Files (x86)\Flapjack\jre\lib\zi\Europe\Bucharest; size: 1180 bytes; exists: false
       Install file: C:\Program Files (x86)\Flapjack\jre\lib\zi\Europe\Budapest; size: 1312 bytes; exists: false
       Install file: C:\Program Files (x86)\Flapjack\jre\lib\zi\Europe\Chisinau; size: 1212 bytes; exists: false
       Install file: C:\Program Files (x86)\Flapjack\jre\lib\zi\Europe\Copenhagen; size: 1152 bytes; exists: false
       Install file: C:\Program Files (x86)\Flapjack\jre\lib\zi\Europe\Dublin; size: 1916 bytes; exists: false
       Install file: C:\Program Files (x86)\Flapjack\jre\lib\zi\Europe\Gibraltar; size: 1676 bytes; exists: false
       Install file: C:\Program Files (x86)\Flapjack\jre\lib\zi\Europe\Helsinki; size: 1036 bytes; exists: false
       Install file: C:\Program Files (x86)\Flapjack\jre\lib\zi\Europe\Istanbul; size: 1464 bytes; exists: false
       Install file: C:\Program Files (x86)\Flapjack\jre\lib\zi\Europe\Kaliningrad; size: 681 bytes; exists: false
       Install file: C:\Program Files (x86)\Flapjack\jre\lib\zi\Europe\Kiev; size: 1048 bytes; exists: false
       Install file: C:\Program Files (x86)\Flapjack\jre\lib\zi\Europe\Lisbon; size: 1868 bytes; exists: false
       Install file: C:\Program Files (x86)\Flapjack\jre\lib\zi\Europe\London; size: 2024 bytes; exists: false
       Install file: C:\Program Files (x86)\Flapjack\jre\lib\zi\Europe\Luxembourg; size: 1568 bytes; exists: false
       Install file: C:\Program Files (x86)\Flapjack\jre\lib\zi\Europe\Madrid; size: 1416 bytes; exists: false
       Install file: C:\Program Files (x86)\Flapjack\jre\lib\zi\Europe\Malta; size: 1440 bytes; exists: false
       Install file: C:\Program Files (x86)\Flapjack\jre\lib\zi\Europe\Minsk; size: 605 bytes; exists: false
       Install file: C:\Program Files (x86)\Flapjack\jre\lib\zi\Europe\Monaco; size: 1576 bytes; exists: false
       Install file: C:\Program Files (x86)\Flapjack\jre\lib\zi\Europe\Moscow; size: 693 bytes; exists: false
       Install file: C:\Program Files (x86)\Flapjack\jre\lib\zi\Europe\Oslo; size: 1216 bytes; exists: false
       Install file: C:\Program Files (x86)\Flapjack\jre\lib\zi\Europe\Paris; size: 1568 bytes; exists: false
       Install file: C:\Program Files (x86)\Flapjack\jre\lib\zi\Europe\Prague; size: 1216 bytes; exists: false
       Install file: C:\Program Files (x86)\Flapjack\jre\lib\zi\Europe\Riga; size: 1108 bytes; exists: false
       Install file: C:\Program Files (x86)\Flapjack\jre\lib\zi\Europe\Rome; size: 1440 bytes; exists: false
       Install file: C:\Program Files (x86)\Flapjack\jre\lib\zi\Europe\Samara; size: 581 bytes; exists: false
       Install file: C:\Program Files (x86)\Flapjack\jre\lib\zi\Europe\Simferopol; size: 1064 bytes; exists: false
       Install file: C:\Program Files (x86)\Flapjack\jre\lib\zi\Europe\Sofia; size: 1088 bytes; exists: false
       Install file: C:\Program Files (x86)\Flapjack\jre\lib\zi\Europe\Stockholm; size: 1040 bytes; exists: false
       Install file: C:\Program Files (x86)\Flapjack\jre\lib\zi\Europe\Tallinn; size: 1080 bytes; exists: false
       Install file: C:\Program Files (x86)\Flapjack\jre\lib\zi\Europe\Tirane; size: 1164 bytes; exists: false
       Install file: C:\Program Files (x86)\Flapjack\jre\lib\zi\Europe\Uzhgorod; size: 1052 bytes; exists: false
       Install file: C:\Program Files (x86)\Flapjack\jre\lib\zi\Europe\Vaduz; size: 1008 bytes; exists: false
       Install file: C:\Program Files (x86)\Flapjack\jre\lib\zi\Europe\Vienna; size: 1200 bytes; exists: false
       Install file: C:\Program Files (x86)\Flapjack\jre\lib\zi\Europe\Vilnius; size: 1060 bytes; exists: false
       Install file: C:\Program Files (x86)\Flapjack\jre\lib\zi\Europe\Volgograd; size: 565 bytes; exists: false
       Install file: C:\Program Files (x86)\Flapjack\jre\lib\zi\Europe\Warsaw; size: 1416 bytes; exists: false
       Install file: C:\Program Files (x86)\Flapjack\jre\lib\zi\Europe\Zaporozhye; size: 1072 bytes; exists: false
       Install file: C:\Program Files (x86)\Flapjack\jre\lib\zi\Europe\Zurich; size: 1040 bytes; exists: false
       Install file: C:\Program Files (x86)\Flapjack\jre\lib\zi\GMT; size: 27 bytes; exists: false
       Install file: C:\Program Files (x86)\Flapjack\jre\lib\zi\HST; size: 27 bytes; exists: false
       Install file: C:\Program Files (x86)\Flapjack\jre\lib\zi\Indian\Antananarivo; size: 89 bytes; exists: false
       Install file: C:\Program Files (x86)\Flapjack\jre\lib\zi\Indian\Chagos; size: 77 bytes; exists: false
       Install file: C:\Program Files (x86)\Flapjack\jre\lib\zi\Indian\Christmas; size: 27 bytes; exists: false
       Install file: C:\Program Files (x86)\Flapjack\jre\lib\zi\Indian\Cocos; size: 27 bytes; exists: false
       Install file: C:\Program Files (x86)\Flapjack\jre\lib\zi\Indian\Comoro; size: 65 bytes; exists: false
       Install file: C:\Program Files (x86)\Flapjack\jre\lib\zi\Indian\Kerguelen; size: 65 bytes; exists: false
       Install file: C:\Program Files (x86)\Flapjack\jre\lib\zi\Indian\Mahe; size: 65 bytes; exists: false
       Install file: C:\Program Files (x86)\Flapjack\jre\lib\zi\Indian\Maldives; size: 65 bytes; exists: false
       Install file: C:\Program Files (x86)\Flapjack\jre\lib\zi\Indian\Mauritius; size: 105 bytes; exists: false
       Install file: C:\Program Files (x86)\Flapjack\jre\lib\zi\Indian\Mayotte; size: 65 bytes; exists: false
       Install file: C:\Program Files (x86)\Flapjack\jre\lib\zi\Indian\Reunion; size: 65 bytes; exists: false
       Install file: C:\Program Files (x86)\Flapjack\jre\lib\zi\MET; size: 1184 bytes; exists: false
       Install file: C:\Program Files (x86)\Flapjack\jre\lib\zi\MST; size: 27 bytes; exists: false
       Install file: C:\Program Files (x86)\Flapjack\jre\lib\zi\MST7MDT; size: 1272 bytes; exists: false
       Install file: C:\Program Files (x86)\Flapjack\jre\lib\zi\Pacific\Apia; size: 133 bytes; exists: false
       Install file: C:\Program Files (x86)\Flapjack\jre\lib\zi\Pacific\Auckland; size: 1348 bytes; exists: false
       Install file: C:\Program Files (x86)\Flapjack\jre\lib\zi\Pacific\Chatham; size: 1124 bytes; exists: false
       Install file: C:\Program Files (x86)\Flapjack\jre\lib\zi\Pacific\Chuuk; size: 65 bytes; exists: false
       Install file: C:\Program Files (x86)\Flapjack\jre\lib\zi\Pacific\Easter; size: 1248 bytes; exists: false
       Install file: C:\Program Files (x86)\Flapjack\jre\lib\zi\Pacific\Efate; size: 233 bytes; exists: false
       Install file: C:\Program Files (x86)\Flapjack\jre\lib\zi\Pacific\Enderbury; size: 89 bytes; exists: false
       Install file: C:\Program Files (x86)\Flapjack\jre\lib\zi\Pacific\Fakaofo; size: 77 bytes; exists: false
       Install file: C:\Program Files (x86)\Flapjack\jre\lib\zi\Pacific\Fiji; size: 153 bytes; exists: false
       Install file: C:\Program Files (x86)\Flapjack\jre\lib\zi\Pacific\Funafuti; size: 65 bytes; exists: false
       Install file: C:\Program Files (x86)\Flapjack\jre\lib\zi\Pacific\Galapagos; size: 77 bytes; exists: false
       Install file: C:\Program Files (x86)\Flapjack\jre\lib\zi\Pacific\Gambier; size: 65 bytes; exists: false
       Install file: C:\Program Files (x86)\Flapjack\jre\lib\zi\Pacific\Guadalcanal; size: 65 bytes; exists: false
       Install file: C:\Program Files (x86)\Flapjack\jre\lib\zi\Pacific\Guam; size: 65 bytes; exists: false
       Install file: C:\Program Files (x86)\Flapjack\jre\lib\zi\Pacific\Honolulu; size: 105 bytes; exists: false
       Install file: C:\Program Files (x86)\Flapjack\jre\lib\zi\Pacific\Johnston; size: 27 bytes; exists: false
       Install file: C:\Program Files (x86)\Flapjack\jre\lib\zi\Pacific\Kiritimati; size: 89 bytes; exists: false
       Install file: C:\Program Files (x86)\Flapjack\jre\lib\zi\Pacific\Kosrae; size: 85 bytes; exists: false
       Install file: C:\Program Files (x86)\Flapjack\jre\lib\zi\Pacific\Kwajalein; size: 89 bytes; exists: false
       Install file: C:\Program Files (x86)\Flapjack\jre\lib\zi\Pacific\Majuro; size: 77 bytes; exists: false
       Install file: C:\Program Files (x86)\Flapjack\jre\lib\zi\Pacific\Marquesas; size: 65 bytes; exists: false
       Install file: C:\Program Files (x86)\Flapjack\jre\lib\zi\Pacific\Midway; size: 89 bytes; exists: false
       Install file: C:\Program Files (x86)\Flapjack\jre\lib\zi\Pacific\Nauru; size: 97 bytes; exists: false
       Install file: C:\Program Files (x86)\Flapjack\jre\lib\zi\Pacific\Niue; size: 89 bytes; exists: false
       Install file: C:\Program Files (x86)\Flapjack\jre\lib\zi\Pacific\Norfolk; size: 77 bytes; exists: false
       Install file: C:\Program Files (x86)\Flapjack\jre\lib\zi\Pacific\Noumea; size: 121 bytes; exists: false
       Install file: C:\Program Files (x86)\Flapjack\jre\lib\zi\Pacific\Pago_Pago; size: 77 bytes; exists: false
       Install file: C:\Program Files (x86)\Flapjack\jre\lib\zi\Pacific\Palau; size: 65 bytes; exists: false
       Install file: C:\Program Files (x86)\Flapjack\jre\lib\zi\Pacific\Pitcairn; size: 77 bytes; exists: false
       Install file: C:\Program Files (x86)\Flapjack\jre\lib\zi\Pacific\Pohnpei; size: 65 bytes; exists: false
       Install file: C:\Program Files (x86)\Flapjack\jre\lib\zi\Pacific\Port_Moresby; size: 27 bytes; exists: false
       Install file: C:\Program Files (x86)\Flapjack\jre\lib\zi\Pacific\Rarotonga; size: 285 bytes; exists: false
       Install file: C:\Program Files (x86)\Flapjack\jre\lib\zi\Pacific\Saipan; size: 77 bytes; exists: false
       Install file: C:\Program Files (x86)\Flapjack\jre\lib\zi\Pacific\Tahiti; size: 65 bytes; exists: false
       Install file: C:\Program Files (x86)\Flapjack\jre\lib\zi\Pacific\Tarawa; size: 65 bytes; exists: false
       Install file: C:\Program Files (x86)\Flapjack\jre\lib\zi\Pacific\Tongatapu; size: 133 bytes; exists: false
       Install file: C:\Program Files (x86)\Flapjack\jre\lib\zi\Pacific\Wake; size: 65 bytes; exists: false
       Install file: C:\Program Files (x86)\Flapjack\jre\lib\zi\Pacific\Wallis; size: 65 bytes; exists: false
       Install file: C:\Program Files (x86)\Flapjack\jre\lib\zi\PST8PDT; size: 1272 bytes; exists: false
       Install file: C:\Program Files (x86)\Flapjack\jre\lib\zi\SystemV\AST4; size: 27 bytes; exists: false
       Install file: C:\Program Files (x86)\Flapjack\jre\lib\zi\SystemV\AST4ADT; size: 2288 bytes; exists: false
       Install file: C:\Program Files (x86)\Flapjack\jre\lib\zi\SystemV\CST6; size: 27 bytes; exists: false
       Install file: C:\Program Files (x86)\Flapjack\jre\lib\zi\SystemV\CST6CDT; size: 2288 bytes; exists: false
       Install file: C:\Program Files (x86)\Flapjack\jre\lib\zi\SystemV\EST5; size: 27 bytes; exists: false
       Install file: C:\Program Files (x86)\Flapjack\jre\lib\zi\SystemV\EST5EDT; size: 2288 bytes; exists: false
       Install file: C:\Program Files (x86)\Flapjack\jre\lib\zi\SystemV\HST10; size: 27 bytes; exists: false
       Install file: C:\Program Files (x86)\Flapjack\jre\lib\zi\SystemV\MST7; size: 27 bytes; exists: false
       Install file: C:\Program Files (x86)\Flapjack\jre\lib\zi\SystemV\MST7MDT; size: 2288 bytes; exists: false
       Install file: C:\Program Files (x86)\Flapjack\jre\lib\zi\SystemV\PST8; size: 27 bytes; exists: false
       Install file: C:\Program Files (x86)\Flapjack\jre\lib\zi\SystemV\PST8PDT; size: 2288 bytes; exists: false
       Install file: C:\Program Files (x86)\Flapjack\jre\lib\zi\SystemV\YST9; size: 27 bytes; exists: false
       Install file: C:\Program Files (x86)\Flapjack\jre\lib\zi\SystemV\YST9YDT; size: 2288 bytes; exists: false
       Install file: C:\Program Files (x86)\Flapjack\jre\lib\zi\WET; size: 1068 bytes; exists: false
       Install file: C:\Program Files (x86)\Flapjack\jre\lib\zi\ZoneInfoMappings; size: 14647 bytes; exists: false
       Install file: C:\Program Files (x86)\Flapjack\jre\LICENSE; size: 41 bytes; exists: false
       Install file: C:\Program Files (x86)\Flapjack\jre\README.txt; size: 47 bytes; exists: false
       Install file: C:\Program Files (x86)\Flapjack\jre\release; size: 450 bytes; exists: false
       Install file: C:\Program Files (x86)\Flapjack\jre\THIRDPARTYLICENSEREADME.txt; size: 175640 bytes; exists: false
       Install file: C:\Program Files (x86)\Flapjack\jre\Welcome.html; size: 983 bytes; exists: false
       Install file: C:\Program Files (x86)\Flapjack\.install4j\updater.exe; size: 178176 bytes; exists: false
       File options set to: [fileTime: Fri May 25 13:56:30 IST 2012, mode: 755, overwriteMode: If newer otherwise ask, shared: false, uninstallMode: If created, delayIfNecessary: false]
       Install file: C:\Program Files (x86)\Flapjack\createproject.exe; size: 149504 bytes; exists: false
       Install file: C:\Program Files (x86)\Flapjack\docs\ApacheCommons.txt; size: 765 bytes; exists: false
       File options set to: [fileTime: Fri May 25 13:56:28 IST 2012, mode: 644, overwriteMode: Always ask except for update, shared: false, uninstallMode: If created, delayIfNecessary: false]
       Install file: C:\Program Files (x86)\Flapjack\docs\Castor.txt; size: 568 bytes; exists: false
       Install file: C:\Program Files (x86)\Flapjack\docs\Flapjack.html; size: 1861 bytes; exists: false
       Install file: C:\Program Files (x86)\Flapjack\docs\MySQL Connector.txt; size: 891 bytes; exists: false
       Install file: C:\Program Files (x86)\Flapjack\docs\OfficeLnFs.txt; size: 1788 bytes; exists: false
       Install file: C:\Program Files (x86)\Flapjack\docs\help.url; size: 127 bytes; exists: false
       Install file: C:\Program Files (x86)\Flapjack\flapjack.exe; size: 157184 bytes; exists: false
       File options set to: [fileTime: Fri May 25 13:56:30 IST 2012, mode: 755, overwriteMode: If newer otherwise ask, shared: false, uninstallMode: If created, delayIfNecessary: false]
       Install file: C:\Program Files (x86)\Flapjack\lib\castor-1.2-xml.jar; size: 813718 bytes; exists: false
       File options set to: [fileTime: Fri May 25 13:56:28 IST 2012, mode: 644, overwriteMode: Always ask except for update, shared: false, uninstallMode: If created, delayIfNecessary: false]
       Install file: C:\Program Files (x86)\Flapjack\lib\commons-logging-1.1.1.jar; size: 60841 bytes; exists: false
       Install file: C:\Program Files (x86)\Flapjack\lib\flapjack-resources.jar; size: 326954 bytes; exists: false
       Install file: C:\Program Files (x86)\Flapjack\lib\flapjack.jar; size: 650671 bytes; exists: false
       Install file: C:\Program Files (x86)\Flapjack\lib\office-2.0.jar; size: 70380 bytes; exists: false
       Install file: C:\Program Files (x86)\Flapjack\lib\osxadapter.jar; size: 3386 bytes; exists: false
       Install file: C:\Program Files (x86)\Flapjack\lib\scri-commons.jar; size: 43466 bytes; exists: false
       Install file: C:\Program Files (x86)\Flapjack\splitproject.exe; size: 149504 bytes; exists: false
       File options set to: [fileTime: Fri May 25 13:56:30 IST 2012, mode: 755, overwriteMode: If newer otherwise ask, shared: false, uninstallMode: If created, delayIfNecessary: false]
       Install file: C:\Program Files (x86)\Flapjack\uninstall.exe; size: 173568 bytes; exists: false
       File options set to: [fileTime: Fri May 25 13:56:30 IST 2012, mode: 700, overwriteMode: If newer otherwise ask, shared: false, uninstallMode: If created, delayIfNecessary: false]
       Install file: C:\Program Files (x86)\Flapjack\.install4j\inst_jre.cfg; size: 62 bytes; exists: false
       File options set to: [fileTime: Tue May 29 21:31:13 IST 2012, mode: 644, overwriteMode: Always, shared: false, uninstallMode: If created, delayIfNecessary: false]
       Install file: C:\Program Files (x86)\Flapjack\.install4j\pref_jre.cfg; size: 37 bytes; exists: false
       File options set to: [fileTime: Tue May 29 21:31:13 IST 2012, mode: 644, overwriteMode: Always, shared: false, uninstallMode: If created, delayIfNecessary: false]
       Install file: C:\Program Files (x86)\Flapjack\.install4j\i4jruntime.jar; size: 899006 bytes; exists: false
       File options set to: [fileTime: Tue May 29 21:31:13 IST 2012, mode: 644, overwriteMode: Always, shared: false, uninstallMode: Always, delayIfNecessary: false]
       Install file: C:\Program Files (x86)\Flapjack\.install4j\MessagesDefault; size: 32737 bytes; exists: false
       Install file: C:\Program Files (x86)\Flapjack\.install4j\i4jparams.conf; size: 59747 bytes; exists: false
       Install file: C:\Program Files (x86)\Flapjack\.install4j\stats.properties; size: 341 bytes; exists: false
       Install file: C:\Program Files (x86)\Flapjack\.install4j\uninstallPrevious.log; size: 8141 bytes; exists: false
       Install file: C:\Program Files (x86)\Flapjack\.install4j\user.jar; size: 14638 bytes; exists: false
       Install file: C:\Program Files (x86)\Flapjack\.install4j\i4jdel.exe; size: 28077 bytes; exists: false
       Install file: C:\Program Files (x86)\Flapjack\.install4j\i4jinst.dll; size: 132608 bytes; exists: false
       Install file: C:\Program Files (x86)\Flapjack\.install4j\i4j_extf_0_1ez79fv.utf8; size: 32737 bytes; exists: false
       Install file: C:\Program Files (x86)\Flapjack\.install4j\i4j_extf_1_1ez79fv.utf8; size: 35477 bytes; exists: false
       Install file: C:\Program Files (x86)\Flapjack\.install4j\i4j_extf_2_1ez79fv_o9yl28.png; size: 5791 bytes; exists: false
       Install file: C:\Program Files (x86)\Flapjack\.install4j\i4j_extf_3_1ez79fv.html; size: 1861 bytes; exists: false
       Install file: C:\Program Files (x86)\Flapjack\.install4j\i4j_extf_4_1ez79fv_cwz6mn.png; size: 1028 bytes; exists: false
       Install file: C:\Program Files (x86)\Flapjack\.install4j\i4j_extf_5_1ez79fv_1sxzjn7.png; size: 2565 bytes; exists: false
       Install file: C:\Program Files (x86)\Flapjack\.install4j\unicows.dll; size: 245408 bytes; exists: false
       Install file: C:\Program Files (x86)\Flapjack\.install4j\_shfoldr.dll; size: 22528 bytes; exists: false
       Execute action successful
[INFO] com.install4j.runtime.beans.actions.desktop.CreateProgramGroupAction [ID 7]: Execute action
       Property allUsers: true
       Property linkDirectory: 
       Property programGroupName: Flapjack
       Property unixSymlinks: true
       Property categories: Application
       Property addUninstaller: true
       Property unixMenuEntries: true
       Property programGroupEntryConfigs: [ProgramGroupFileConfig{target=docs\help.url, arguments='', runAsAdministrator=false}]
       Property uninstallerMenuName: Flapjack Uninstaller
       Property addDefaultLauncherLinks: true
       Property failForSymlinksNotCreated: false
       Property rollbackSupported: true
       Install file: C:\ProgramData\Microsoft\Windows\Start Menu\Programs\Flapjack\Flapjack.lnk; size: 1859 bytes; exists: false
       File options set to: [fileTime: Tue May 29 21:31:14 IST 2012, mode: 644, overwriteMode: Always, shared: false, uninstallMode: Always, delayIfNecessary: false]
       Install file: C:\ProgramData\Microsoft\Windows\Start Menu\Programs\Flapjack\Flapjack Uninstaller.lnk; size: 1866 bytes; exists: false
       File options set to: [fileTime: Tue May 29 21:31:14 IST 2012, mode: 644, overwriteMode: Always, shared: false, uninstallMode: Always, delayIfNecessary: false]
       Install file: C:\ProgramData\Microsoft\Windows\Start Menu\Programs\Flapjack\Flapjack Help.url; size: 127 bytes; exists: false
       File options set to: [fileTime: Fri May 25 13:56:28 IST 2012, mode: 644, overwriteMode: Always, shared: false, uninstallMode: Always, delayIfNecessary: false]
       Execute action successful
[INFO] com.install4j.runtime.beans.actions.desktop.RegisterAddRemoveAction [ID 8]: Execute action
       Property icon: null
       Property itemName: Flapjack 1.12.05.25
       Property persistentProperties: {}
       Property rollbackSupported: true
       Execute action successful
[INFO] com.install4j.runtime.beans.actions.misc.AddVmOptionsAction [ID 974]: Execute action
       Property vmOptions: [-Xmx1024m]
       Property launcherId: 18
       Property rollbackSupported: true
       Execute action successful
[INFO] com.install4j.runtime.beans.actions.desktop.CreateFileAssociationAction [ID 492]: Execute action
       Property extension: flapjack
       Property selected: true
       Property description: Flapjack Project
       Property windows: true
       Property mac: true
       Property macRole: Viewer
       Property winAdditionalParameters: null
       Property launcherId: 18
       Property macIconFile: null
       Property windowsIconFile: null
       Property restartFinder: false
       Property persistentProperties: {}
       Property rollbackSupported: true
       Execute action successful
[INFO] com.install4j.runtime.beans.screens.InstallationScreen [ID 5]: Rollback barrier reached
       command: move 1 screens, executing actions, checking condition
[INFO] com.install4j.runtime.beans.screens.FinishedScreen [ID 9]: Show screen
       Variable changed: executeLauncherAction=false[class java.lang.Boolean]
[INFO] com.install4j.runtime.beans.screens.FinishedScreen [ID 9]: command: finish
       cleaning up
       Finished
